[1.527s] DEBUG:colcon:Command line arguments: ['/usr/bin/colcon', 'build']
[1.527s] DEBUG:colcon:Parsed command line arguments: Namespace(log_base=None, log_level=None, verb_name='build', build_base='build', install_base='install', merge_install=False, symlink_install=False, test_result_base=None, continue_on_error=False, executor='parallel', parallel_workers=4, event_handlers=None, ignore_user_meta=False, metas=['./colcon.meta'], base_paths=['.'], packages_ignore=None, packages_ignore_regex=None, paths=None, packages_up_to=None, packages_up_to_regex=None, packages_above=None, packages_above_and_dependencies=None, packages_above_depth=None, packages_select_by_dep=None, packages_skip_by_dep=None, packages_skip_up_to=None, packages_select_build_failed=False, packages_skip_build_finished=False, packages_select_test_failures=False, packages_skip_test_passed=False, packages_select=None, packages_skip=None, packages_select_regex=None, packages_skip_regex=None, packages_start=None, packages_end=None, allow_overriding=[], cmake_args=None, cmake_target=None, cmake_target_skip_unavailable=False, cmake_clean_cache=False, cmake_clean_first=False, cmake_force_configure=False, ament_cmake_args=None, catkin_cmake_args=None, catkin_skip_building_tests=False, verb_parser=<colcon_defaults.argument_parser.defaults.DefaultArgumentsDecorator object at 0x7f0e47daf940>, verb_extension=<colcon_core.verb.build.BuildVerb object at 0x7f0e4890bd30>, main=<bound method BuildVerb.main of <colcon_core.verb.build.BuildVerb object at 0x7f0e4890bd30>>)
[1.593s] Level 1:colcon.colcon_core.package_discovery:discover_packages(colcon_meta) check parameters
[1.593s] Level 1:colcon.colcon_core.package_discovery:discover_packages(recursive) check parameters
[1.593s] Level 1:colcon.colcon_core.package_discovery:discover_packages(ignore) check parameters
[1.593s] Level 1:colcon.colcon_core.package_discovery:discover_packages(path) check parameters
[1.594s] Level 1:colcon.colcon_core.package_discovery:discover_packages(colcon_meta) discover
[1.594s] Level 1:colcon.colcon_core.package_discovery:discover_packages(recursive) discover
[1.594s] INFO:colcon.colcon_core.package_discovery:Crawling recursively for packages in '/home/ubuntu-humble/dev_po'
[1.594s] Level 1:colcon.colcon_core.package_identification:_identify(.) by extensions ['ignore', 'ignore_ament_install']
[1.595s] Level 1:colcon.colcon_core.package_identification:_identify(.) by extension 'ignore'
[1.595s] Level 1:colcon.colcon_core.package_identification:_identify(.) by extension 'ignore_ament_install'
[1.595s] Level 1:colcon.colcon_core.package_identification:_identify(.) by extensions ['colcon_pkg']
[1.595s] Level 1:colcon.colcon_core.package_identification:_identify(.) by extension 'colcon_pkg'
[1.596s] Level 1:colcon.colcon_core.package_identification:_identify(.) by extensions ['colcon_meta']
[1.596s] Level 1:colcon.colcon_core.package_identification:_identify(.) by extension 'colcon_meta'
[1.596s] Level 1:colcon.colcon_core.package_identification:_identify(.) by extensions ['ros']
[1.596s] Level 1:colcon.colcon_core.package_identification:_identify(.) by extension 'ros'
[1.612s] Level 1:colcon.colcon_core.package_identification:_identify(.) by extensions ['cmake', 'python']
[1.612s] Level 1:colcon.colcon_core.package_identification:_identify(.) by extension 'cmake'
[1.612s] Level 1:colcon.colcon_core.package_identification:_identify(.) by extension 'python'
[1.612s] Level 1:colcon.colcon_core.package_identification:_identify(.) by extensions ['python_setup_py']
[1.613s] Level 1:colcon.colcon_core.package_identification:_identify(.) by extension 'python_setup_py'
[1.613s] Level 1:colcon.colcon_core.package_identification:_identify(build) by extensions ['ignore', 'ignore_ament_install']
[1.613s] Level 1:colcon.colcon_core.package_identification:_identify(build) by extension 'ignore'
[1.614s] Level 1:colcon.colcon_core.package_identification:_identify(build) ignored
[1.614s] Level 1:colcon.colcon_core.package_identification:_identify(install) by extensions ['ignore', 'ignore_ament_install']
[1.614s] Level 1:colcon.colcon_core.package_identification:_identify(install) by extension 'ignore'
[1.614s] Level 1:colcon.colcon_core.package_identification:_identify(install) ignored
[1.615s] Level 1:colcon.colcon_core.package_identification:_identify(log) by extensions ['ignore', 'ignore_ament_install']
[1.615s] Level 1:colcon.colcon_core.package_identification:_identify(log) by extension 'ignore'
[1.615s] Level 1:colcon.colcon_core.package_identification:_identify(log) ignored
[1.616s] Level 1:colcon.colcon_core.package_identification:_identify(src) by extensions ['ignore', 'ignore_ament_install']
[1.616s] Level 1:colcon.colcon_core.package_identification:_identify(src) by extension 'ignore'
[1.616s] Level 1:colcon.colcon_core.package_identification:_identify(src) by extension 'ignore_ament_install'
[1.616s] Level 1:colcon.colcon_core.package_identification:_identify(src) by extensions ['colcon_pkg']
[1.616s] Level 1:colcon.colcon_core.package_identification:_identify(src) by extension 'colcon_pkg'
[1.617s] Level 1:colcon.colcon_core.package_identification:_identify(src) by extensions ['colcon_meta']
[1.617s] Level 1:colcon.colcon_core.package_identification:_identify(src) by extension 'colcon_meta'
[1.617s] Level 1:colcon.colcon_core.package_identification:_identify(src) by extensions ['ros']
[1.617s] Level 1:colcon.colcon_core.package_identification:_identify(src) by extension 'ros'
[1.618s] Level 1:colcon.colcon_core.package_identification:_identify(src) by extensions ['cmake', 'python']
[1.618s] Level 1:colcon.colcon_core.package_identification:_identify(src) by extension 'cmake'
[1.618s] Level 1:colcon.colcon_core.package_identification:_identify(src) by extension 'python'
[1.618s] Level 1:colcon.colcon_core.package_identification:_identify(src) by extensions ['python_setup_py']
[1.618s] Level 1:colcon.colcon_core.package_identification:_identify(src) by extension 'python_setup_py'
[1.619s] Level 1:colcon.colcon_core.package_identification:_identify(src/bumperbot_cpp_examples) by extensions ['ignore', 'ignore_ament_install']
[1.619s] Level 1:colcon.colcon_core.package_identification:_identify(src/bumperbot_cpp_examples) by extension 'ignore'
[1.619s] Level 1:colcon.colcon_core.package_identification:_identify(src/bumperbot_cpp_examples) by extension 'ignore_ament_install'
[1.620s] Level 1:colcon.colcon_core.package_identification:_identify(src/bumperbot_cpp_examples) by extensions ['colcon_pkg']
[1.620s] Level 1:colcon.colcon_core.package_identification:_identify(src/bumperbot_cpp_examples) by extension 'colcon_pkg'
[1.620s] Level 1:colcon.colcon_core.package_identification:_identify(src/bumperbot_cpp_examples) by extensions ['colcon_meta']
[1.620s] Level 1:colcon.colcon_core.package_identification:_identify(src/bumperbot_cpp_examples) by extension 'colcon_meta'
[1.620s] Level 1:colcon.colcon_core.package_identification:_identify(src/bumperbot_cpp_examples) by extensions ['ros']
[1.621s] Level 1:colcon.colcon_core.package_identification:_identify(src/bumperbot_cpp_examples) by extension 'ros'
[1.624s] DEBUG:colcon.colcon_core.package_identification:Package 'src/bumperbot_cpp_examples' with type 'ros.ament_cmake' and name 'bumperbot_cpp_examples'
[1.624s] Level 1:colcon.colcon_core.package_identification:_identify(src/bumperbot_py_examples) by extensions ['ignore', 'ignore_ament_install']
[1.624s] Level 1:colcon.colcon_core.package_identification:_identify(src/bumperbot_py_examples) by extension 'ignore'
[1.625s] Level 1:colcon.colcon_core.package_identification:_identify(src/bumperbot_py_examples) by extension 'ignore_ament_install'
[1.625s] Level 1:colcon.colcon_core.package_identification:_identify(src/bumperbot_py_examples) by extensions ['colcon_pkg']
[1.625s] Level 1:colcon.colcon_core.package_identification:_identify(src/bumperbot_py_examples) by extension 'colcon_pkg'
[1.625s] Level 1:colcon.colcon_core.package_identification:_identify(src/bumperbot_py_examples) by extensions ['colcon_meta']
[1.625s] Level 1:colcon.colcon_core.package_identification:_identify(src/bumperbot_py_examples) by extension 'colcon_meta'
[1.626s] Level 1:colcon.colcon_core.package_identification:_identify(src/bumperbot_py_examples) by extensions ['ros']
[1.626s] Level 1:colcon.colcon_core.package_identification:_identify(src/bumperbot_py_examples) by extension 'ros'
[1.627s] DEBUG:colcon.colcon_core.package_identification:Package 'src/bumperbot_py_examples' with type 'ros.ament_python' and name 'bumperbot_py_examples'
[1.627s] Level 1:colcon.colcon_core.package_discovery:discover_packages(recursive) using defaults
[1.627s] Level 1:colcon.colcon_core.package_discovery:discover_packages(ignore) discover
[1.627s] Level 1:colcon.colcon_core.package_discovery:discover_packages(ignore) using defaults
[1.628s] Level 1:colcon.colcon_core.package_discovery:discover_packages(path) discover
[1.628s] Level 1:colcon.colcon_core.package_discovery:discover_packages(path) using defaults
[1.766s] Level 1:colcon.colcon_core.package_discovery:discover_packages(prefix_path) check parameters
[1.767s] Level 1:colcon.colcon_core.package_discovery:discover_packages(prefix_path) discover
[1.811s] DEBUG:colcon.colcon_installed_package_information.package_discovery:Found 2 installed packages in /home/ubuntu-humble/dev_po/install
[1.834s] DEBUG:colcon.colcon_installed_package_information.package_discovery:Found 327 installed packages in /opt/ros/humble
[1.838s] Level 1:colcon.colcon_core.package_discovery:discover_packages(prefix_path) using defaults
[2.005s] Level 5:colcon.colcon_core.verb:set package 'bumperbot_cpp_examples' build argument 'cmake_args' from command line to 'None'
[2.005s] Level 5:colcon.colcon_core.verb:set package 'bumperbot_cpp_examples' build argument 'cmake_target' from command line to 'None'
[2.005s] Level 5:colcon.colcon_core.verb:set package 'bumperbot_cpp_examples' build argument 'cmake_target_skip_unavailable' from command line to 'False'
[2.005s] Level 5:colcon.colcon_core.verb:set package 'bumperbot_cpp_examples' build argument 'cmake_clean_cache' from command line to 'False'
[2.006s] Level 5:colcon.colcon_core.verb:set package 'bumperbot_cpp_examples' build argument 'cmake_clean_first' from command line to 'False'
[2.006s] Level 5:colcon.colcon_core.verb:set package 'bumperbot_cpp_examples' build argument 'cmake_force_configure' from command line to 'False'
[2.006s] Level 5:colcon.colcon_core.verb:set package 'bumperbot_cpp_examples' build argument 'ament_cmake_args' from command line to 'None'
[2.006s] Level 5:colcon.colcon_core.verb:set package 'bumperbot_cpp_examples' build argument 'catkin_cmake_args' from command line to 'None'
[2.007s] Level 5:colcon.colcon_core.verb:set package 'bumperbot_cpp_examples' build argument 'catkin_skip_building_tests' from command line to 'False'
[2.007s] DEBUG:colcon.colcon_core.verb:Building package 'bumperbot_cpp_examples' with the following arguments: {'ament_cmake_args': None, 'build_base': '/home/ubuntu-humble/dev_po/build/bumperbot_cpp_examples', 'catkin_cmake_args': None, 'catkin_skip_building_tests': False, 'cmake_args': None, 'cmake_clean_cache': False, 'cmake_clean_first': False, 'cmake_force_configure': False, 'cmake_target': None, 'cmake_target_skip_unavailable': False, 'install_base': '/home/ubuntu-humble/dev_po/install/bumperbot_cpp_examples', 'merge_install': False, 'path': '/home/ubuntu-humble/dev_po/src/bumperbot_cpp_examples', 'symlink_install': False, 'test_result_base': None}
[2.028s] Level 5:colcon.colcon_core.verb:set package 'bumperbot_py_examples' build argument 'cmake_args' from command line to 'None'
[2.029s] Level 5:colcon.colcon_core.verb:set package 'bumperbot_py_examples' build argument 'cmake_target' from command line to 'None'
[2.029s] Level 5:colcon.colcon_core.verb:set package 'bumperbot_py_examples' build argument 'cmake_target_skip_unavailable' from command line to 'False'
[2.029s] Level 5:colcon.colcon_core.verb:set package 'bumperbot_py_examples' build argument 'cmake_clean_cache' from command line to 'False'
[2.029s] Level 5:colcon.colcon_core.verb:set package 'bumperbot_py_examples' build argument 'cmake_clean_first' from command line to 'False'
[2.030s] Level 5:colcon.colcon_core.verb:set package 'bumperbot_py_examples' build argument 'cmake_force_configure' from command line to 'False'
[2.030s] Level 5:colcon.colcon_core.verb:set package 'bumperbot_py_examples' build argument 'ament_cmake_args' from command line to 'None'
[2.030s] Level 5:colcon.colcon_core.verb:set package 'bumperbot_py_examples' build argument 'catkin_cmake_args' from command line to 'None'
[2.030s] Level 5:colcon.colcon_core.verb:set package 'bumperbot_py_examples' build argument 'catkin_skip_building_tests' from command line to 'False'
[2.030s] DEBUG:colcon.colcon_core.verb:Building package 'bumperbot_py_examples' with the following arguments: {'ament_cmake_args': None, 'build_base': '/home/ubuntu-humble/dev_po/build/bumperbot_py_examples', 'catkin_cmake_args': None, 'catkin_skip_building_tests': False, 'cmake_args': None, 'cmake_clean_cache': False, 'cmake_clean_first': False, 'cmake_force_configure': False, 'cmake_target': None, 'cmake_target_skip_unavailable': False, 'install_base': '/home/ubuntu-humble/dev_po/install/bumperbot_py_examples', 'merge_install': False, 'path': '/home/ubuntu-humble/dev_po/src/bumperbot_py_examples', 'symlink_install': False, 'test_result_base': None}
[2.052s] INFO:colcon.colcon_core.executor:Executing jobs using 'parallel' executor
[2.075s] DEBUG:colcon.colcon_parallel_executor.executor.parallel:run_until_complete
[2.075s] INFO:colcon.colcon_ros.task.ament_cmake.build:Building ROS package in '/home/ubuntu-humble/dev_po/src/bumperbot_cpp_examples' with build type 'ament_cmake'
[2.076s] INFO:colcon.colcon_cmake.task.cmake.build:Building CMake package in '/home/ubuntu-humble/dev_po/src/bumperbot_cpp_examples'
[2.100s] INFO:colcon.colcon_core.plugin_system:Skipping extension 'colcon_core.shell.bat': Not used on non-Windows systems
[2.101s] INFO:colcon.colcon_core.shell:Skip shell extension 'powershell' for command environment: Not usable outside of PowerShell
[2.101s] DEBUG:colcon.colcon_core.shell:Skip shell extension 'dsv' for command environment
[2.177s] INFO:colcon.colcon_ros.task.ament_python.build:Building ROS package in '/home/ubuntu-humble/dev_po/src/bumperbot_py_examples' with build type 'ament_python'
[2.177s] Level 1:colcon.colcon_core.shell:create_environment_hook('bumperbot_py_examples', 'ament_prefix_path')
[2.200s] INFO:colcon.colcon_core.shell:Creating environment hook '/home/ubuntu-humble/dev_po/install/bumperbot_py_examples/share/bumperbot_py_examples/hook/ament_prefix_path.ps1'
[2.201s] INFO:colcon.colcon_core.shell:Creating environment descriptor '/home/ubuntu-humble/dev_po/install/bumperbot_py_examples/share/bumperbot_py_examples/hook/ament_prefix_path.dsv'
[2.201s] INFO:colcon.colcon_core.shell:Creating environment hook '/home/ubuntu-humble/dev_po/install/bumperbot_py_examples/share/bumperbot_py_examples/hook/ament_prefix_path.sh'
[2.225s] INFO:colcon.colcon_core.shell:Skip shell extension 'powershell' for command environment: Not usable outside of PowerShell
[2.226s] DEBUG:colcon.colcon_core.shell:Skip shell extension 'dsv' for command environment
[2.302s] DEBUG:colcon.colcon_core.event_handler.log_command:Invoking command in '/home/ubuntu-humble/dev_po/build/bumperbot_cpp_examples': CMAKE_PREFIX_PATH=${CMAKE_PREFIX_PATH}:/home/ubuntu-humble/dev_po/install/bumperbot_py_examples:/opt/ros/humble /usr/bin/cmake /home/ubuntu-humble/dev_po/src/bumperbot_cpp_examples -DCMAKE_INSTALL_PREFIX=/home/ubuntu-humble/dev_po/install/bumperbot_cpp_examples
[2.691s] INFO:colcon.colcon_core.task.python.build:Building Python package in '/home/ubuntu-humble/dev_po/src/bumperbot_py_examples'
[2.719s] INFO:colcon.colcon_core.shell:Skip shell extension 'powershell' for command environment: Not usable outside of PowerShell
[2.719s] DEBUG:colcon.colcon_core.shell:Skip shell extension 'dsv' for command environment
[2.798s] DEBUG:colcon.colcon_core.event_handler.log_command:Invoked command in '/home/ubuntu-humble/dev_po/build/bumperbot_cpp_examples' returned '0': CMAKE_PREFIX_PATH=${CMAKE_PREFIX_PATH}:/home/ubuntu-humble/dev_po/install/bumperbot_py_examples:/opt/ros/humble /usr/bin/cmake /home/ubuntu-humble/dev_po/src/bumperbot_cpp_examples -DCMAKE_INSTALL_PREFIX=/home/ubuntu-humble/dev_po/install/bumperbot_cpp_examples
[2.799s] DEBUG:colcon.colcon_core.event_handler.log_command:Invoking command in '/home/ubuntu-humble/dev_po/build/bumperbot_cpp_examples': CMAKE_PREFIX_PATH=${CMAKE_PREFIX_PATH}:/home/ubuntu-humble/dev_po/install/bumperbot_py_examples:/opt/ros/humble /usr/bin/cmake --build /home/ubuntu-humble/dev_po/build/bumperbot_cpp_examples -- -j4 -l4
[2.844s] DEBUG:colcon.colcon_core.event_handler.log_command:Invoked command in '/home/ubuntu-humble/dev_po/build/bumperbot_cpp_examples' returned '0': CMAKE_PREFIX_PATH=${CMAKE_PREFIX_PATH}:/home/ubuntu-humble/dev_po/install/bumperbot_py_examples:/opt/ros/humble /usr/bin/cmake --build /home/ubuntu-humble/dev_po/build/bumperbot_cpp_examples -- -j4 -l4
[2.884s] DEBUG:colcon.colcon_core.event_handler.log_command:Invoking command in '/home/ubuntu-humble/dev_po/build/bumperbot_cpp_examples': CMAKE_PREFIX_PATH=${CMAKE_PREFIX_PATH}:/home/ubuntu-humble/dev_po/install/bumperbot_py_examples:/opt/ros/humble /usr/bin/cmake --install /home/ubuntu-humble/dev_po/build/bumperbot_cpp_examples
[2.940s] Level 1:colcon.colcon_core.environment:create_environment_scripts_only(bumperbot_cpp_examples)
[2.948s] DEBUG:colcon.colcon_core.event_handler.log_command:Invoked command in '/home/ubuntu-humble/dev_po/build/bumperbot_cpp_examples' returned '0': CMAKE_PREFIX_PATH=${CMAKE_PREFIX_PATH}:/home/ubuntu-humble/dev_po/install/bumperbot_py_examples:/opt/ros/humble /usr/bin/cmake --install /home/ubuntu-humble/dev_po/build/bumperbot_cpp_examples
[2.967s] Level 1:colcon.colcon_core.environment:checking '/home/ubuntu-humble/dev_po/install/bumperbot_cpp_examples' for CMake module files
[2.968s] Level 1:colcon.colcon_core.environment:checking '/home/ubuntu-humble/dev_po/install/bumperbot_cpp_examples' for CMake config files
[2.969s] Level 1:colcon.colcon_core.shell:create_environment_hook('bumperbot_cpp_examples', 'cmake_prefix_path')
[2.992s] INFO:colcon.colcon_core.shell:Creating environment hook '/home/ubuntu-humble/dev_po/install/bumperbot_cpp_examples/share/bumperbot_cpp_examples/hook/cmake_prefix_path.ps1'
[2.993s] INFO:colcon.colcon_core.shell:Creating environment descriptor '/home/ubuntu-humble/dev_po/install/bumperbot_cpp_examples/share/bumperbot_cpp_examples/hook/cmake_prefix_path.dsv'
[2.993s] INFO:colcon.colcon_core.shell:Creating environment hook '/home/ubuntu-humble/dev_po/install/bumperbot_cpp_examples/share/bumperbot_cpp_examples/hook/cmake_prefix_path.sh'
[2.994s] Level 1:colcon.colcon_core.environment:checking '/home/ubuntu-humble/dev_po/install/bumperbot_cpp_examples/bin'
[2.994s] Level 1:colcon.colcon_core.environment:checking '/home/ubuntu-humble/dev_po/install/bumperbot_cpp_examples/lib/pkgconfig/bumperbot_cpp_examples.pc'
[2.995s] Level 1:colcon.colcon_core.environment:checking '/home/ubuntu-humble/dev_po/install/bumperbot_cpp_examples/lib/python3.10/site-packages'
[2.995s] Level 1:colcon.colcon_core.environment:checking '/home/ubuntu-humble/dev_po/install/bumperbot_cpp_examples/bin'
[3.019s] INFO:colcon.colcon_core.shell:Creating package script '/home/ubuntu-humble/dev_po/install/bumperbot_cpp_examples/share/bumperbot_cpp_examples/package.ps1'
[3.020s] INFO:colcon.colcon_core.shell:Creating package descriptor '/home/ubuntu-humble/dev_po/install/bumperbot_cpp_examples/share/bumperbot_cpp_examples/package.dsv'
[3.021s] INFO:colcon.colcon_core.shell:Creating package script '/home/ubuntu-humble/dev_po/install/bumperbot_cpp_examples/share/bumperbot_cpp_examples/package.sh'
[3.023s] INFO:colcon.colcon_core.shell:Creating package script '/home/ubuntu-humble/dev_po/install/bumperbot_cpp_examples/share/bumperbot_cpp_examples/package.bash'
[3.024s] INFO:colcon.colcon_core.shell:Creating package script '/home/ubuntu-humble/dev_po/install/bumperbot_cpp_examples/share/bumperbot_cpp_examples/package.zsh'
[3.025s] Level 1:colcon.colcon_core.environment:create_file_with_runtime_dependencies(/home/ubuntu-humble/dev_po/install/bumperbot_cpp_examples/share/colcon-core/packages/bumperbot_cpp_examples)
[3.073s] Level 1:colcon.colcon_core.environment:create_environment_scripts_only(bumperbot_cpp_examples)
[3.096s] Level 1:colcon.colcon_core.environment:checking '/home/ubuntu-humble/dev_po/install/bumperbot_cpp_examples' for CMake module files
[3.097s] Level 1:colcon.colcon_core.environment:checking '/home/ubuntu-humble/dev_po/install/bumperbot_cpp_examples' for CMake config files
[3.098s] Level 1:colcon.colcon_core.shell:create_environment_hook('bumperbot_cpp_examples', 'cmake_prefix_path')
[3.121s] INFO:colcon.colcon_core.shell:Creating environment hook '/home/ubuntu-humble/dev_po/install/bumperbot_cpp_examples/share/bumperbot_cpp_examples/hook/cmake_prefix_path.ps1'
[3.122s] INFO:colcon.colcon_core.shell:Creating environment descriptor '/home/ubuntu-humble/dev_po/install/bumperbot_cpp_examples/share/bumperbot_cpp_examples/hook/cmake_prefix_path.dsv'
[3.123s] INFO:colcon.colcon_core.shell:Creating environment hook '/home/ubuntu-humble/dev_po/install/bumperbot_cpp_examples/share/bumperbot_cpp_examples/hook/cmake_prefix_path.sh'
[3.124s] Level 1:colcon.colcon_core.environment:checking '/home/ubuntu-humble/dev_po/install/bumperbot_cpp_examples/bin'
[3.124s] Level 1:colcon.colcon_core.environment:checking '/home/ubuntu-humble/dev_po/install/bumperbot_cpp_examples/lib/pkgconfig/bumperbot_cpp_examples.pc'
[3.125s] Level 1:colcon.colcon_core.environment:checking '/home/ubuntu-humble/dev_po/install/bumperbot_cpp_examples/lib/python3.10/site-packages'
[3.125s] Level 1:colcon.colcon_core.environment:checking '/home/ubuntu-humble/dev_po/install/bumperbot_cpp_examples/bin'
[3.148s] INFO:colcon.colcon_core.shell:Creating package script '/home/ubuntu-humble/dev_po/install/bumperbot_cpp_examples/share/bumperbot_cpp_examples/package.ps1'
[3.149s] INFO:colcon.colcon_core.shell:Creating package descriptor '/home/ubuntu-humble/dev_po/install/bumperbot_cpp_examples/share/bumperbot_cpp_examples/package.dsv'
[3.149s] INFO:colcon.colcon_core.shell:Creating package script '/home/ubuntu-humble/dev_po/install/bumperbot_cpp_examples/share/bumperbot_cpp_examples/package.sh'
[3.150s] INFO:colcon.colcon_core.shell:Creating package script '/home/ubuntu-humble/dev_po/install/bumperbot_cpp_examples/share/bumperbot_cpp_examples/package.bash'
[3.152s] INFO:colcon.colcon_core.shell:Creating package script '/home/ubuntu-humble/dev_po/install/bumperbot_cpp_examples/share/bumperbot_cpp_examples/package.zsh'
[3.153s] Level 1:colcon.colcon_core.environment:create_file_with_runtime_dependencies(/home/ubuntu-humble/dev_po/install/bumperbot_cpp_examples/share/colcon-core/packages/bumperbot_cpp_examples)
[3.313s] DEBUG:colcon.colcon_core.event_handler.log_command:Invoking command in '/home/ubuntu-humble/dev_po/build/bumperbot_py_examples': PYTHONPATH=/home/ubuntu-humble/dev_po/build/bumperbot_py_examples/prefix_override:/home/ubuntu-humble/dev_po/install/bumperbot_py_examples/lib/python3.10/site-packages:${PYTHONPATH} /usr/bin/python3 setup.py develop --uninstall --editable --build-directory /home/ubuntu-humble/dev_po/build/bumperbot_py_examples/build
[3.971s] DEBUG:colcon.colcon_core.event_handler.log_command:Invoked command in '/home/ubuntu-humble/dev_po/build/bumperbot_py_examples' returned '0': PYTHONPATH=/home/ubuntu-humble/dev_po/build/bumperbot_py_examples/prefix_override:/home/ubuntu-humble/dev_po/install/bumperbot_py_examples/lib/python3.10/site-packages:${PYTHONPATH} /usr/bin/python3 setup.py develop --uninstall --editable --build-directory /home/ubuntu-humble/dev_po/build/bumperbot_py_examples/build
[3.972s] DEBUG:colcon.colcon_core.event_handler.log_command:Invoking command in '/home/ubuntu-humble/dev_po/src/bumperbot_py_examples': PYTHONPATH=/home/ubuntu-humble/dev_po/build/bumperbot_py_examples/prefix_override:/home/ubuntu-humble/dev_po/install/bumperbot_py_examples/lib/python3.10/site-packages:${PYTHONPATH} /usr/bin/python3 setup.py egg_info --egg-base ../../build/bumperbot_py_examples build --build-base /home/ubuntu-humble/dev_po/build/bumperbot_py_examples/build install --record /home/ubuntu-humble/dev_po/build/bumperbot_py_examples/install.log --single-version-externally-managed
[4.392s] DEBUG:colcon.colcon_core.event_handler.log_command:Invoked command in '/home/ubuntu-humble/dev_po/src/bumperbot_py_examples' returned '0': PYTHONPATH=/home/ubuntu-humble/dev_po/build/bumperbot_py_examples/prefix_override:/home/ubuntu-humble/dev_po/install/bumperbot_py_examples/lib/python3.10/site-packages:${PYTHONPATH} /usr/bin/python3 setup.py egg_info --egg-base ../../build/bumperbot_py_examples build --build-base /home/ubuntu-humble/dev_po/build/bumperbot_py_examples/build install --record /home/ubuntu-humble/dev_po/build/bumperbot_py_examples/install.log --single-version-externally-managed
[4.416s] Level 1:colcon.colcon_core.environment:checking '/home/ubuntu-humble/dev_po/install/bumperbot_py_examples' for CMake module files
[4.416s] Level 1:colcon.colcon_core.environment:checking '/home/ubuntu-humble/dev_po/install/bumperbot_py_examples' for CMake config files
[4.417s] Level 1:colcon.colcon_core.environment:checking '/home/ubuntu-humble/dev_po/install/bumperbot_py_examples/lib'
[4.417s] Level 1:colcon.colcon_core.environment:checking '/home/ubuntu-humble/dev_po/install/bumperbot_py_examples/bin'
[4.417s] Level 1:colcon.colcon_core.environment:checking '/home/ubuntu-humble/dev_po/install/bumperbot_py_examples/lib/pkgconfig/bumperbot_py_examples.pc'
[4.418s] Level 1:colcon.colcon_core.environment:checking '/home/ubuntu-humble/dev_po/install/bumperbot_py_examples/lib/python3.10/site-packages'
[4.418s] Level 1:colcon.colcon_core.shell:create_environment_hook('bumperbot_py_examples', 'pythonpath')
[4.441s] INFO:colcon.colcon_core.shell:Creating environment hook '/home/ubuntu-humble/dev_po/install/bumperbot_py_examples/share/bumperbot_py_examples/hook/pythonpath.ps1'
[4.442s] INFO:colcon.colcon_core.shell:Creating environment descriptor '/home/ubuntu-humble/dev_po/install/bumperbot_py_examples/share/bumperbot_py_examples/hook/pythonpath.dsv'
[4.442s] INFO:colcon.colcon_core.shell:Creating environment hook '/home/ubuntu-humble/dev_po/install/bumperbot_py_examples/share/bumperbot_py_examples/hook/pythonpath.sh'
[4.443s] Level 1:colcon.colcon_core.environment:checking '/home/ubuntu-humble/dev_po/install/bumperbot_py_examples/bin'
[4.443s] Level 1:colcon.colcon_core.environment:create_environment_scripts_only(bumperbot_py_examples)
[4.466s] INFO:colcon.colcon_core.shell:Creating package script '/home/ubuntu-humble/dev_po/install/bumperbot_py_examples/share/bumperbot_py_examples/package.ps1'
[4.467s] INFO:colcon.colcon_core.shell:Creating package descriptor '/home/ubuntu-humble/dev_po/install/bumperbot_py_examples/share/bumperbot_py_examples/package.dsv'
[4.467s] INFO:colcon.colcon_core.shell:Creating package script '/home/ubuntu-humble/dev_po/install/bumperbot_py_examples/share/bumperbot_py_examples/package.sh'
[4.468s] INFO:colcon.colcon_core.shell:Creating package script '/home/ubuntu-humble/dev_po/install/bumperbot_py_examples/share/bumperbot_py_examples/package.bash'
[4.468s] INFO:colcon.colcon_core.shell:Creating package script '/home/ubuntu-humble/dev_po/install/bumperbot_py_examples/share/bumperbot_py_examples/package.zsh'
[4.469s] Level 1:colcon.colcon_core.environment:create_file_with_runtime_dependencies(/home/ubuntu-humble/dev_po/install/bumperbot_py_examples/share/colcon-core/packages/bumperbot_py_examples)
[4.470s] DEBUG:colcon.colcon_parallel_executor.executor.parallel:closing loop
[4.470s] DEBUG:colcon.colcon_parallel_executor.executor.parallel:loop closed
[4.470s] DEBUG:colcon.colcon_parallel_executor.executor.parallel:run_until_complete finished with '0'
[4.470s] DEBUG:colcon.colcon_core.event_reactor:joining thread
[4.502s] INFO:colcon.colcon_core.plugin_system:Skipping extension 'colcon_notification.desktop_notification.terminal_notifier': Not used on non-Darwin systems
[4.502s] INFO:colcon.colcon_core.plugin_system:Skipping extension 'colcon_notification.desktop_notification.win32': Not used on non-Windows systems
[4.502s] INFO:colcon.colcon_notification.desktop_notification:Sending desktop notification using 'notify2'
[4.519s] DEBUG:colcon.colcon_core.event_reactor:joined thread
[4.545s] INFO:colcon.colcon_core.shell:Creating prefix script '/home/ubuntu-humble/dev_po/install/local_setup.ps1'
[4.547s] INFO:colcon.colcon_core.shell:Creating prefix util module '/home/ubuntu-humble/dev_po/install/_local_setup_util_ps1.py'
[4.549s] INFO:colcon.colcon_core.shell:Creating prefix chain script '/home/ubuntu-humble/dev_po/install/setup.ps1'
[4.577s] INFO:colcon.colcon_core.shell:Creating prefix script '/home/ubuntu-humble/dev_po/install/local_setup.sh'
[4.577s] INFO:colcon.colcon_core.shell:Creating prefix util module '/home/ubuntu-humble/dev_po/install/_local_setup_util_sh.py'
[4.578s] INFO:colcon.colcon_core.shell:Creating prefix chain script '/home/ubuntu-humble/dev_po/install/setup.sh'
[4.607s] INFO:colcon.colcon_core.shell:Creating prefix script '/home/ubuntu-humble/dev_po/install/local_setup.bash'
[4.608s] INFO:colcon.colcon_core.shell:Creating prefix chain script '/home/ubuntu-humble/dev_po/install/setup.bash'
[4.633s] INFO:colcon.colcon_core.shell:Creating prefix script '/home/ubuntu-humble/dev_po/install/local_setup.zsh'
[4.633s] INFO:colcon.colcon_core.shell:Creating prefix chain script '/home/ubuntu-humble/dev_po/install/setup.zsh'
