[0.227s] Invoking command in '/home/ubuntu-humble/dev_po/build/bumperbot_cpp_examples': CMAKE_PREFIX_PATH=${CMAKE_PREFIX_PATH}:/home/ubuntu-humble/dev_po/install/bumperbot_py_examples:/opt/ros/humble /usr/bin/cmake /home/ubuntu-humble/dev_po/src/bumperbot_cpp_examples -DCMAKE_INSTALL_PREFIX=/home/ubuntu-humble/dev_po/install/bumperbot_cpp_examples
[0.252s] -- Found ament_cmake: 1.3.6 (/opt/ros/humble/share/ament_cmake/cmake)
[0.449s] -- Override CMake install command with custom implementation using symlinks instead of copying resources
[0.461s] -- Found ament_lint_auto: 0.12.9 (/opt/ros/humble/share/ament_lint_auto/cmake)
[0.559s] -- Added test 'lint_cmake' to check CMake code style
[0.560s] -- Added test 'xmllint' to check XML markup files
[0.562s] -- Configuring done
[0.565s] -- Generating done
[0.567s] -- Build files have been written to: /home/ubuntu-humble/dev_po/build/bumperbot_cpp_examples
[0.722s] Invoked command in '/home/ubuntu-humble/dev_po/build/bumperbot_cpp_examples' returned '0': CMAKE_PREFIX_PATH=${CMAKE_PREFIX_PATH}:/home/ubuntu-humble/dev_po/install/bumperbot_py_examples:/opt/ros/humble /usr/bin/cmake /home/ubuntu-humble/dev_po/src/bumperbot_cpp_examples -DCMAKE_INSTALL_PREFIX=/home/ubuntu-humble/dev_po/install/bumperbot_cpp_examples
[0.723s] Invoking command in '/home/ubuntu-humble/dev_po/build/bumperbot_cpp_examples': CMAKE_PREFIX_PATH=${CMAKE_PREFIX_PATH}:/home/ubuntu-humble/dev_po/install/bumperbot_py_examples:/opt/ros/humble /usr/bin/cmake --build /home/ubuntu-humble/dev_po/build/bumperbot_cpp_examples -- -j4 -l4
[0.769s] Invoked command in '/home/ubuntu-humble/dev_po/build/bumperbot_cpp_examples' returned '0': CMAKE_PREFIX_PATH=${CMAKE_PREFIX_PATH}:/home/ubuntu-humble/dev_po/install/bumperbot_py_examples:/opt/ros/humble /usr/bin/cmake --build /home/ubuntu-humble/dev_po/build/bumperbot_cpp_examples -- -j4 -l4
[0.808s] Invoking command in '/home/ubuntu-humble/dev_po/build/bumperbot_cpp_examples': CMAKE_PREFIX_PATH=${CMAKE_PREFIX_PATH}:/home/ubuntu-humble/dev_po/install/bumperbot_py_examples:/opt/ros/humble /usr/bin/cmake --install /home/ubuntu-humble/dev_po/build/bumperbot_cpp_examples
[0.820s] -- Install configuration: ""
[0.822s] -- Execute custom install script
[0.823s] -- Up-to-date symlink: /home/ubuntu-humble/dev_po/install/bumperbot_cpp_examples/share/ament_index/resource_index/package_run_dependencies/bumperbot_cpp_examples
[0.825s] -- Up-to-date symlink: /home/ubuntu-humble/dev_po/install/bumperbot_cpp_examples/share/ament_index/resource_index/parent_prefix_path/bumperbot_cpp_examples
[0.826s] -- Up-to-date symlink: /home/ubuntu-humble/dev_po/install/bumperbot_cpp_examples/share/bumperbot_cpp_examples/environment/ament_prefix_path.sh
[0.828s] -- Up-to-date symlink: /home/ubuntu-humble/dev_po/install/bumperbot_cpp_examples/share/bumperbot_cpp_examples/environment/ament_prefix_path.dsv
[0.829s] -- Up-to-date symlink: /home/ubuntu-humble/dev_po/install/bumperbot_cpp_examples/share/bumperbot_cpp_examples/environment/path.sh
[0.833s] -- Up-to-date symlink: /home/ubuntu-humble/dev_po/install/bumperbot_cpp_examples/share/bumperbot_cpp_examples/environment/path.dsv
[0.834s] -- Up-to-date symlink: /home/ubuntu-humble/dev_po/install/bumperbot_cpp_examples/share/bumperbot_cpp_examples/local_setup.bash
[0.835s] -- Up-to-date symlink: /home/ubuntu-humble/dev_po/install/bumperbot_cpp_examples/share/bumperbot_cpp_examples/local_setup.sh
[0.836s] -- Up-to-date symlink: /home/ubuntu-humble/dev_po/install/bumperbot_cpp_examples/share/bumperbot_cpp_examples/local_setup.zsh
[0.838s] -- Up-to-date symlink: /home/ubuntu-humble/dev_po/install/bumperbot_cpp_examples/share/bumperbot_cpp_examples/local_setup.dsv
[0.839s] -- Symlinking: /home/ubuntu-humble/dev_po/install/bumperbot_cpp_examples/share/bumperbot_cpp_examples/package.dsv
[0.857s] -- Up-to-date symlink: /home/ubuntu-humble/dev_po/install/bumperbot_cpp_examples/share/ament_index/resource_index/packages/bumperbot_cpp_examples
[0.857s] -- Up-to-date symlink: /home/ubuntu-humble/dev_po/install/bumperbot_cpp_examples/share/bumperbot_cpp_examples/cmake/bumperbot_cpp_examplesConfig.cmake
[0.857s] -- Up-to-date symlink: /home/ubuntu-humble/dev_po/install/bumperbot_cpp_examples/share/bumperbot_cpp_examples/cmake/bumperbot_cpp_examplesConfig-version.cmake
[0.857s] -- Up-to-date symlink: /home/ubuntu-humble/dev_po/install/bumperbot_cpp_examples/share/bumperbot_cpp_examples/package.xml
[0.872s] Invoked command in '/home/ubuntu-humble/dev_po/build/bumperbot_cpp_examples' returned '0': CMAKE_PREFIX_PATH=${CMAKE_PREFIX_PATH}:/home/ubuntu-humble/dev_po/install/bumperbot_py_examples:/opt/ros/humble /usr/bin/cmake --install /home/ubuntu-humble/dev_po/build/bumperbot_cpp_examples
