[1.761s] DEBUG:colcon:Command line arguments: ['/usr/bin/colcon', 'build', '--symlink-install']
[1.761s] DEBUG:colcon:Parsed command line arguments: Namespace(log_base=None, log_level=None, verb_name='build', build_base='build', install_base='install', merge_install=False, symlink_install=True, test_result_base=None, continue_on_error=False, executor='parallel', parallel_workers=4, event_handlers=None, ignore_user_meta=False, metas=['./colcon.meta'], base_paths=['.'], packages_ignore=None, packages_ignore_regex=None, paths=None, packages_up_to=None, packages_up_to_regex=None, packages_above=None, packages_above_and_dependencies=None, packages_above_depth=None, packages_select_by_dep=None, packages_skip_by_dep=None, packages_skip_up_to=None, packages_select_build_failed=False, packages_skip_build_finished=False, packages_select_test_failures=False, packages_skip_test_passed=False, packages_select=None, packages_skip=None, packages_select_regex=None, packages_skip_regex=None, packages_start=None, packages_end=None, allow_overriding=[], cmake_args=None, cmake_target=None, cmake_target_skip_unavailable=False, cmake_clean_cache=False, cmake_clean_first=False, cmake_force_configure=False, ament_cmake_args=None, catkin_cmake_args=None, catkin_skip_building_tests=False, verb_parser=<colcon_defaults.argument_parser.defaults.DefaultArgumentsDecorator object at 0x7f79610de920>, verb_extension=<colcon_core.verb.build.BuildVerb object at 0x7f796228f970>, main=<bound method BuildVerb.main of <colcon_core.verb.build.BuildVerb object at 0x7f796228f970>>)
[1.872s] Level 1:colcon.colcon_core.package_discovery:discover_packages(colcon_meta) check parameters
[1.872s] Level 1:colcon.colcon_core.package_discovery:discover_packages(recursive) check parameters
[1.872s] Level 1:colcon.colcon_core.package_discovery:discover_packages(ignore) check parameters
[1.872s] Level 1:colcon.colcon_core.package_discovery:discover_packages(path) check parameters
[1.872s] Level 1:colcon.colcon_core.package_discovery:discover_packages(colcon_meta) discover
[1.872s] Level 1:colcon.colcon_core.package_discovery:discover_packages(recursive) discover
[1.872s] INFO:colcon.colcon_core.package_discovery:Crawling recursively for packages in '/home/ubuntu-humble/dev_po'
[1.872s] Level 1:colcon.colcon_core.package_identification:_identify(.) by extensions ['ignore', 'ignore_ament_install']
[1.872s] Level 1:colcon.colcon_core.package_identification:_identify(.) by extension 'ignore'
[1.872s] Level 1:colcon.colcon_core.package_identification:_identify(.) by extension 'ignore_ament_install'
[1.872s] Level 1:colcon.colcon_core.package_identification:_identify(.) by extensions ['colcon_pkg']
[1.872s] Level 1:colcon.colcon_core.package_identification:_identify(.) by extension 'colcon_pkg'
[1.872s] Level 1:colcon.colcon_core.package_identification:_identify(.) by extensions ['colcon_meta']
[1.873s] Level 1:colcon.colcon_core.package_identification:_identify(.) by extension 'colcon_meta'
[1.873s] Level 1:colcon.colcon_core.package_identification:_identify(.) by extensions ['ros']
[1.873s] Level 1:colcon.colcon_core.package_identification:_identify(.) by extension 'ros'
[1.901s] Level 1:colcon.colcon_core.package_identification:_identify(.) by extensions ['cmake', 'python']
[1.901s] Level 1:colcon.colcon_core.package_identification:_identify(.) by extension 'cmake'
[1.901s] Level 1:colcon.colcon_core.package_identification:_identify(.) by extension 'python'
[1.901s] Level 1:colcon.colcon_core.package_identification:_identify(.) by extensions ['python_setup_py']
[1.901s] Level 1:colcon.colcon_core.package_identification:_identify(.) by extension 'python_setup_py'
[1.901s] Level 1:colcon.colcon_core.package_identification:_identify(build) by extensions ['ignore', 'ignore_ament_install']
[1.901s] Level 1:colcon.colcon_core.package_identification:_identify(build) by extension 'ignore'
[1.901s] Level 1:colcon.colcon_core.package_identification:_identify(build) ignored
[1.901s] Level 1:colcon.colcon_core.package_identification:_identify(install) by extensions ['ignore', 'ignore_ament_install']
[1.902s] Level 1:colcon.colcon_core.package_identification:_identify(install) by extension 'ignore'
[1.902s] Level 1:colcon.colcon_core.package_identification:_identify(install) ignored
[1.902s] Level 1:colcon.colcon_core.package_identification:_identify(log) by extensions ['ignore', 'ignore_ament_install']
[1.902s] Level 1:colcon.colcon_core.package_identification:_identify(log) by extension 'ignore'
[1.902s] Level 1:colcon.colcon_core.package_identification:_identify(log) ignored
[1.903s] Level 1:colcon.colcon_core.package_identification:_identify(src) by extensions ['ignore', 'ignore_ament_install']
[1.903s] Level 1:colcon.colcon_core.package_identification:_identify(src) by extension 'ignore'
[1.903s] Level 1:colcon.colcon_core.package_identification:_identify(src) by extension 'ignore_ament_install'
[1.903s] Level 1:colcon.colcon_core.package_identification:_identify(src) by extensions ['colcon_pkg']
[1.903s] Level 1:colcon.colcon_core.package_identification:_identify(src) by extension 'colcon_pkg'
[1.903s] Level 1:colcon.colcon_core.package_identification:_identify(src) by extensions ['colcon_meta']
[1.903s] Level 1:colcon.colcon_core.package_identification:_identify(src) by extension 'colcon_meta'
[1.903s] Level 1:colcon.colcon_core.package_identification:_identify(src) by extensions ['ros']
[1.903s] Level 1:colcon.colcon_core.package_identification:_identify(src) by extension 'ros'
[1.903s] Level 1:colcon.colcon_core.package_identification:_identify(src) by extensions ['cmake', 'python']
[1.904s] Level 1:colcon.colcon_core.package_identification:_identify(src) by extension 'cmake'
[1.904s] Level 1:colcon.colcon_core.package_identification:_identify(src) by extension 'python'
[1.904s] Level 1:colcon.colcon_core.package_identification:_identify(src) by extensions ['python_setup_py']
[1.904s] Level 1:colcon.colcon_core.package_identification:_identify(src) by extension 'python_setup_py'
[1.904s] Level 1:colcon.colcon_core.package_discovery:discover_packages(recursive) using defaults
[1.904s] Level 1:colcon.colcon_core.package_discovery:discover_packages(ignore) discover
[1.904s] Level 1:colcon.colcon_core.package_discovery:discover_packages(ignore) using defaults
[1.904s] Level 1:colcon.colcon_core.package_discovery:discover_packages(path) discover
[1.904s] Level 1:colcon.colcon_core.package_discovery:discover_packages(path) using defaults
[2.046s] Level 1:colcon.colcon_core.package_discovery:discover_packages(prefix_path) check parameters
[2.046s] Level 1:colcon.colcon_core.package_discovery:discover_packages(prefix_path) discover
[2.090s] DEBUG:colcon.colcon_installed_package_information.package_discovery:Found 270 installed packages in /opt/ros/humble
[2.092s] Level 1:colcon.colcon_core.package_discovery:discover_packages(prefix_path) using defaults
[2.236s] INFO:colcon.colcon_core.executor:Executing jobs using 'parallel' executor
[2.257s] DEBUG:colcon.colcon_parallel_executor.executor.parallel:run_until_complete
[2.257s] DEBUG:colcon.colcon_parallel_executor.executor.parallel:closing loop
[2.257s] DEBUG:colcon.colcon_parallel_executor.executor.parallel:loop closed
[2.257s] DEBUG:colcon.colcon_parallel_executor.executor.parallel:run_until_complete finished with '0'
[2.257s] DEBUG:colcon.colcon_core.event_reactor:joining thread
[2.297s] INFO:colcon.colcon_core.plugin_system:Skipping extension 'colcon_notification.desktop_notification.terminal_notifier': Not used on non-Darwin systems
[2.297s] INFO:colcon.colcon_core.plugin_system:Skipping extension 'colcon_notification.desktop_notification.win32': Not used on non-Windows systems
[2.297s] INFO:colcon.colcon_notification.desktop_notification:Sending desktop notification using 'notify2'
[2.323s] DEBUG:colcon.colcon_core.event_reactor:joined thread
[2.347s] INFO:colcon.colcon_core.plugin_system:Skipping extension 'colcon_core.shell.bat': Not used on non-Windows systems
[2.348s] INFO:colcon.colcon_core.shell:Creating prefix script '/home/ubuntu-humble/dev_po/install/local_setup.ps1'
[2.349s] INFO:colcon.colcon_core.shell:Creating prefix util module '/home/ubuntu-humble/dev_po/install/_local_setup_util_ps1.py'
[2.351s] INFO:colcon.colcon_core.shell:Creating prefix chain script '/home/ubuntu-humble/dev_po/install/setup.ps1'
[2.374s] INFO:colcon.colcon_core.shell:Creating prefix script '/home/ubuntu-humble/dev_po/install/local_setup.sh'
[2.375s] INFO:colcon.colcon_core.shell:Creating prefix util module '/home/ubuntu-humble/dev_po/install/_local_setup_util_sh.py'
[2.375s] INFO:colcon.colcon_core.shell:Creating prefix chain script '/home/ubuntu-humble/dev_po/install/setup.sh'
[2.397s] INFO:colcon.colcon_core.shell:Creating prefix script '/home/ubuntu-humble/dev_po/install/local_setup.bash'
[2.398s] INFO:colcon.colcon_core.shell:Creating prefix chain script '/home/ubuntu-humble/dev_po/install/setup.bash'
[2.419s] INFO:colcon.colcon_core.shell:Creating prefix script '/home/ubuntu-humble/dev_po/install/local_setup.zsh'
[2.420s] INFO:colcon.colcon_core.shell:Creating prefix chain script '/home/ubuntu-humble/dev_po/install/setup.zsh'
