[1.159s] Invoking command in '/home/ubuntu-humble/dev_po/build/bumperbot_py_examples': PYTHONPATH=/home/ubuntu-humble/dev_po/build/bumperbot_py_examples/prefix_override:/home/ubuntu-humble/dev_po/install/bumperbot_py_examples/lib/python3.10/site-packages:${PYTHONPATH} /usr/bin/python3 setup.py develop --editable --build-directory /home/ubuntu-humble/dev_po/build/bumperbot_py_examples/build --no-deps install_data
[1.547s] running develop
[1.548s] /usr/lib/python3/dist-packages/setuptools/command/easy_install.py:158: EasyInstallDeprecationWarning: easy_install command is deprecated. Use build and pip and other standards-based tools.
[1.548s]   warnings.warn(
[1.550s] /usr/lib/python3/dist-packages/setuptools/command/install.py:34: SetuptoolsDeprecationWarning: setup.py install is deprecated. Use build and pip and other standards-based tools.
[1.550s]   warnings.warn(
[1.797s] running egg_info
[1.797s] writing bumperbot_py_examples.egg-info/PKG-INFO
[1.797s] writing dependency_links to bumperbot_py_examples.egg-info/dependency_links.txt
[1.797s] writing entry points to bumperbot_py_examples.egg-info/entry_points.txt
[1.798s] writing requirements to bumperbot_py_examples.egg-info/requires.txt
[1.798s] writing top-level names to bumperbot_py_examples.egg-info/top_level.txt
[1.800s] reading manifest file 'bumperbot_py_examples.egg-info/SOURCES.txt'
[1.801s] writing manifest file 'bumperbot_py_examples.egg-info/SOURCES.txt'
[1.803s] running build_ext
[1.803s] Creating /home/ubuntu-humble/dev_po/install/bumperbot_py_examples/lib/python3.10/site-packages/bumperbot-py-examples.egg-link (link to .)
[1.804s] Installing simple_publisher script to /home/ubuntu-humble/dev_po/install/bumperbot_py_examples/lib/bumperbot_py_examples
[1.805s] 
[1.805s] Installed /home/ubuntu-humble/dev_po/build/bumperbot_py_examples
[1.805s] running install_data
[1.833s] Invoked command in '/home/ubuntu-humble/dev_po/build/bumperbot_py_examples' returned '0': PYTHONPATH=/home/ubuntu-humble/dev_po/build/bumperbot_py_examples/prefix_override:/home/ubuntu-humble/dev_po/install/bumperbot_py_examples/lib/python3.10/site-packages:${PYTHONPATH} /usr/bin/python3 setup.py develop --editable --build-directory /home/ubuntu-humble/dev_po/build/bumperbot_py_examples/build --no-deps install_data
