[1.509s] DEBUG:colcon:Command line arguments: ['/usr/bin/colcon', 'build', '--symlink-install']
[1.509s] DEBUG:colcon:Parsed command line arguments: Namespace(log_base=None, log_level=None, verb_name='build', build_base='build', install_base='install', merge_install=False, symlink_install=True, test_result_base=None, continue_on_error=False, executor='parallel', parallel_workers=4, event_handlers=None, ignore_user_meta=False, metas=['./colcon.meta'], base_paths=['.'], packages_ignore=None, packages_ignore_regex=None, paths=None, packages_up_to=None, packages_up_to_regex=None, packages_above=None, packages_above_and_dependencies=None, packages_above_depth=None, packages_select_by_dep=None, packages_skip_by_dep=None, packages_skip_up_to=None, packages_select_build_failed=False, packages_skip_build_finished=False, packages_select_test_failures=False, packages_skip_test_passed=False, packages_select=None, packages_skip=None, packages_select_regex=None, packages_skip_regex=None, packages_start=None, packages_end=None, allow_overriding=[], cmake_args=None, cmake_target=None, cmake_target_skip_unavailable=False, cmake_clean_cache=False, cmake_clean_first=False, cmake_force_configure=False, ament_cmake_args=None, catkin_cmake_args=None, catkin_skip_building_tests=False, verb_parser=<colcon_defaults.argument_parser.defaults.DefaultArgumentsDecorator object at 0x7f8140773820>, verb_extension=<colcon_core.verb.build.BuildVerb object at 0x7f8140bc7d60>, main=<bound method BuildVerb.main of <colcon_core.verb.build.BuildVerb object at 0x7f8140bc7d60>>)
[1.576s] Level 1:colcon.colcon_core.package_discovery:discover_packages(colcon_meta) check parameters
[1.576s] Level 1:colcon.colcon_core.package_discovery:discover_packages(recursive) check parameters
[1.576s] Level 1:colcon.colcon_core.package_discovery:discover_packages(ignore) check parameters
[1.576s] Level 1:colcon.colcon_core.package_discovery:discover_packages(path) check parameters
[1.576s] Level 1:colcon.colcon_core.package_discovery:discover_packages(colcon_meta) discover
[1.576s] Level 1:colcon.colcon_core.package_discovery:discover_packages(recursive) discover
[1.576s] INFO:colcon.colcon_core.package_discovery:Crawling recursively for packages in '/home/ubuntu-humble/dev_po'
[1.576s] Level 1:colcon.colcon_core.package_identification:_identify(.) by extensions ['ignore', 'ignore_ament_install']
[1.577s] Level 1:colcon.colcon_core.package_identification:_identify(.) by extension 'ignore'
[1.577s] Level 1:colcon.colcon_core.package_identification:_identify(.) by extension 'ignore_ament_install'
[1.577s] Level 1:colcon.colcon_core.package_identification:_identify(.) by extensions ['colcon_pkg']
[1.577s] Level 1:colcon.colcon_core.package_identification:_identify(.) by extension 'colcon_pkg'
[1.577s] Level 1:colcon.colcon_core.package_identification:_identify(.) by extensions ['colcon_meta']
[1.577s] Level 1:colcon.colcon_core.package_identification:_identify(.) by extension 'colcon_meta'
[1.577s] Level 1:colcon.colcon_core.package_identification:_identify(.) by extensions ['ros']
[1.577s] Level 1:colcon.colcon_core.package_identification:_identify(.) by extension 'ros'
[1.593s] Level 1:colcon.colcon_core.package_identification:_identify(.) by extensions ['cmake', 'python']
[1.593s] Level 1:colcon.colcon_core.package_identification:_identify(.) by extension 'cmake'
[1.593s] Level 1:colcon.colcon_core.package_identification:_identify(.) by extension 'python'
[1.593s] Level 1:colcon.colcon_core.package_identification:_identify(.) by extensions ['python_setup_py']
[1.593s] Level 1:colcon.colcon_core.package_identification:_identify(.) by extension 'python_setup_py'
[1.593s] Level 1:colcon.colcon_core.package_identification:_identify(build) by extensions ['ignore', 'ignore_ament_install']
[1.593s] Level 1:colcon.colcon_core.package_identification:_identify(build) by extension 'ignore'
[1.593s] Level 1:colcon.colcon_core.package_identification:_identify(build) ignored
[1.594s] Level 1:colcon.colcon_core.package_identification:_identify(install) by extensions ['ignore', 'ignore_ament_install']
[1.594s] Level 1:colcon.colcon_core.package_identification:_identify(install) by extension 'ignore'
[1.594s] Level 1:colcon.colcon_core.package_identification:_identify(install) ignored
[1.594s] Level 1:colcon.colcon_core.package_identification:_identify(log) by extensions ['ignore', 'ignore_ament_install']
[1.594s] Level 1:colcon.colcon_core.package_identification:_identify(log) by extension 'ignore'
[1.594s] Level 1:colcon.colcon_core.package_identification:_identify(log) ignored
[1.594s] Level 1:colcon.colcon_core.package_identification:_identify(src) by extensions ['ignore', 'ignore_ament_install']
[1.594s] Level 1:colcon.colcon_core.package_identification:_identify(src) by extension 'ignore'
[1.594s] Level 1:colcon.colcon_core.package_identification:_identify(src) by extension 'ignore_ament_install'
[1.595s] Level 1:colcon.colcon_core.package_identification:_identify(src) by extensions ['colcon_pkg']
[1.595s] Level 1:colcon.colcon_core.package_identification:_identify(src) by extension 'colcon_pkg'
[1.595s] Level 1:colcon.colcon_core.package_identification:_identify(src) by extensions ['colcon_meta']
[1.595s] Level 1:colcon.colcon_core.package_identification:_identify(src) by extension 'colcon_meta'
[1.595s] Level 1:colcon.colcon_core.package_identification:_identify(src) by extensions ['ros']
[1.595s] Level 1:colcon.colcon_core.package_identification:_identify(src) by extension 'ros'
[1.595s] Level 1:colcon.colcon_core.package_identification:_identify(src) by extensions ['cmake', 'python']
[1.595s] Level 1:colcon.colcon_core.package_identification:_identify(src) by extension 'cmake'
[1.595s] Level 1:colcon.colcon_core.package_identification:_identify(src) by extension 'python'
[1.595s] Level 1:colcon.colcon_core.package_identification:_identify(src) by extensions ['python_setup_py']
[1.595s] Level 1:colcon.colcon_core.package_identification:_identify(src) by extension 'python_setup_py'
[1.595s] Level 1:colcon.colcon_core.package_identification:_identify(src/bumperbot_cpp_examples) by extensions ['ignore', 'ignore_ament_install']
[1.595s] Level 1:colcon.colcon_core.package_identification:_identify(src/bumperbot_cpp_examples) by extension 'ignore'
[1.595s] Level 1:colcon.colcon_core.package_identification:_identify(src/bumperbot_cpp_examples) by extension 'ignore_ament_install'
[1.595s] Level 1:colcon.colcon_core.package_identification:_identify(src/bumperbot_cpp_examples) by extensions ['colcon_pkg']
[1.595s] Level 1:colcon.colcon_core.package_identification:_identify(src/bumperbot_cpp_examples) by extension 'colcon_pkg'
[1.596s] Level 1:colcon.colcon_core.package_identification:_identify(src/bumperbot_cpp_examples) by extensions ['colcon_meta']
[1.596s] Level 1:colcon.colcon_core.package_identification:_identify(src/bumperbot_cpp_examples) by extension 'colcon_meta'
[1.596s] Level 1:colcon.colcon_core.package_identification:_identify(src/bumperbot_cpp_examples) by extensions ['ros']
[1.596s] Level 1:colcon.colcon_core.package_identification:_identify(src/bumperbot_cpp_examples) by extension 'ros'
[1.599s] DEBUG:colcon.colcon_core.package_identification:Package 'src/bumperbot_cpp_examples' with type 'ros.ament_cmake' and name 'bumperbot_cpp_examples'
[1.599s] Level 1:colcon.colcon_core.package_identification:_identify(src/bumperbot_py_examples) by extensions ['ignore', 'ignore_ament_install']
[1.599s] Level 1:colcon.colcon_core.package_identification:_identify(src/bumperbot_py_examples) by extension 'ignore'
[1.599s] Level 1:colcon.colcon_core.package_identification:_identify(src/bumperbot_py_examples) by extension 'ignore_ament_install'
[1.599s] Level 1:colcon.colcon_core.package_identification:_identify(src/bumperbot_py_examples) by extensions ['colcon_pkg']
[1.599s] Level 1:colcon.colcon_core.package_identification:_identify(src/bumperbot_py_examples) by extension 'colcon_pkg'
[1.599s] Level 1:colcon.colcon_core.package_identification:_identify(src/bumperbot_py_examples) by extensions ['colcon_meta']
[1.599s] Level 1:colcon.colcon_core.package_identification:_identify(src/bumperbot_py_examples) by extension 'colcon_meta'
[1.600s] Level 1:colcon.colcon_core.package_identification:_identify(src/bumperbot_py_examples) by extensions ['ros']
[1.600s] Level 1:colcon.colcon_core.package_identification:_identify(src/bumperbot_py_examples) by extension 'ros'
[1.600s] DEBUG:colcon.colcon_core.package_identification:Package 'src/bumperbot_py_examples' with type 'ros.ament_python' and name 'bumperbot_py_examples'
[1.600s] Level 1:colcon.colcon_core.package_discovery:discover_packages(recursive) using defaults
[1.600s] Level 1:colcon.colcon_core.package_discovery:discover_packages(ignore) discover
[1.601s] Level 1:colcon.colcon_core.package_discovery:discover_packages(ignore) using defaults
[1.601s] Level 1:colcon.colcon_core.package_discovery:discover_packages(path) discover
[1.601s] Level 1:colcon.colcon_core.package_discovery:discover_packages(path) using defaults
[1.735s] Level 1:colcon.colcon_core.package_discovery:discover_packages(prefix_path) check parameters
[1.735s] Level 1:colcon.colcon_core.package_discovery:discover_packages(prefix_path) discover
[1.758s] WARNING:colcon.colcon_ros.prefix_path.ament:The path '/home/ubuntu-humble/dev_po/install/bumperbot_py_examples' in the environment variable AMENT_PREFIX_PATH doesn't exist
[1.758s] WARNING:colcon.colcon_ros.prefix_path.ament:The path '/home/ubuntu-humble/dev_po/install/bumperbot_cpp_examples' in the environment variable AMENT_PREFIX_PATH doesn't exist
[1.759s] WARNING:colcon.colcon_ros.prefix_path.catkin:The path '/home/ubuntu-humble/dev_po/install/bumperbot_cpp_examples' in the environment variable CMAKE_PREFIX_PATH doesn't exist
[1.781s] DEBUG:colcon.colcon_installed_package_information.package_discovery:Found 0 installed packages in /home/ubuntu-humble/dev_po/install
[1.806s] DEBUG:colcon.colcon_installed_package_information.package_discovery:Found 327 installed packages in /opt/ros/humble
[1.809s] Level 1:colcon.colcon_core.package_discovery:discover_packages(prefix_path) using defaults
[1.975s] Level 5:colcon.colcon_core.verb:set package 'bumperbot_cpp_examples' build argument 'cmake_args' from command line to 'None'
[1.975s] Level 5:colcon.colcon_core.verb:set package 'bumperbot_cpp_examples' build argument 'cmake_target' from command line to 'None'
[1.975s] Level 5:colcon.colcon_core.verb:set package 'bumperbot_cpp_examples' build argument 'cmake_target_skip_unavailable' from command line to 'False'
[1.975s] Level 5:colcon.colcon_core.verb:set package 'bumperbot_cpp_examples' build argument 'cmake_clean_cache' from command line to 'False'
[1.975s] Level 5:colcon.colcon_core.verb:set package 'bumperbot_cpp_examples' build argument 'cmake_clean_first' from command line to 'False'
[1.975s] Level 5:colcon.colcon_core.verb:set package 'bumperbot_cpp_examples' build argument 'cmake_force_configure' from command line to 'False'
[1.975s] Level 5:colcon.colcon_core.verb:set package 'bumperbot_cpp_examples' build argument 'ament_cmake_args' from command line to 'None'
[1.975s] Level 5:colcon.colcon_core.verb:set package 'bumperbot_cpp_examples' build argument 'catkin_cmake_args' from command line to 'None'
[1.975s] Level 5:colcon.colcon_core.verb:set package 'bumperbot_cpp_examples' build argument 'catkin_skip_building_tests' from command line to 'False'
[1.975s] DEBUG:colcon.colcon_core.verb:Building package 'bumperbot_cpp_examples' with the following arguments: {'ament_cmake_args': None, 'build_base': '/home/ubuntu-humble/dev_po/build/bumperbot_cpp_examples', 'catkin_cmake_args': None, 'catkin_skip_building_tests': False, 'cmake_args': None, 'cmake_clean_cache': False, 'cmake_clean_first': False, 'cmake_force_configure': False, 'cmake_target': None, 'cmake_target_skip_unavailable': False, 'install_base': '/home/ubuntu-humble/dev_po/install/bumperbot_cpp_examples', 'merge_install': False, 'path': '/home/ubuntu-humble/dev_po/src/bumperbot_cpp_examples', 'symlink_install': True, 'test_result_base': None}
[2.000s] Level 5:colcon.colcon_core.verb:set package 'bumperbot_py_examples' build argument 'cmake_args' from command line to 'None'
[2.000s] Level 5:colcon.colcon_core.verb:set package 'bumperbot_py_examples' build argument 'cmake_target' from command line to 'None'
[2.000s] Level 5:colcon.colcon_core.verb:set package 'bumperbot_py_examples' build argument 'cmake_target_skip_unavailable' from command line to 'False'
[2.000s] Level 5:colcon.colcon_core.verb:set package 'bumperbot_py_examples' build argument 'cmake_clean_cache' from command line to 'False'
[2.000s] Level 5:colcon.colcon_core.verb:set package 'bumperbot_py_examples' build argument 'cmake_clean_first' from command line to 'False'
[2.000s] Level 5:colcon.colcon_core.verb:set package 'bumperbot_py_examples' build argument 'cmake_force_configure' from command line to 'False'
[2.000s] Level 5:colcon.colcon_core.verb:set package 'bumperbot_py_examples' build argument 'ament_cmake_args' from command line to 'None'
[2.000s] Level 5:colcon.colcon_core.verb:set package 'bumperbot_py_examples' build argument 'catkin_cmake_args' from command line to 'None'
[2.000s] Level 5:colcon.colcon_core.verb:set package 'bumperbot_py_examples' build argument 'catkin_skip_building_tests' from command line to 'False'
[2.000s] DEBUG:colcon.colcon_core.verb:Building package 'bumperbot_py_examples' with the following arguments: {'ament_cmake_args': None, 'build_base': '/home/ubuntu-humble/dev_po/build/bumperbot_py_examples', 'catkin_cmake_args': None, 'catkin_skip_building_tests': False, 'cmake_args': None, 'cmake_clean_cache': False, 'cmake_clean_first': False, 'cmake_force_configure': False, 'cmake_target': None, 'cmake_target_skip_unavailable': False, 'install_base': '/home/ubuntu-humble/dev_po/install/bumperbot_py_examples', 'merge_install': False, 'path': '/home/ubuntu-humble/dev_po/src/bumperbot_py_examples', 'symlink_install': True, 'test_result_base': None}
[2.021s] INFO:colcon.colcon_core.executor:Executing jobs using 'parallel' executor
[2.043s] DEBUG:colcon.colcon_parallel_executor.executor.parallel:run_until_complete
[2.044s] INFO:colcon.colcon_ros.task.ament_cmake.build:Building ROS package in '/home/ubuntu-humble/dev_po/src/bumperbot_cpp_examples' with build type 'ament_cmake'
[2.044s] INFO:colcon.colcon_cmake.task.cmake.build:Building CMake package in '/home/ubuntu-humble/dev_po/src/bumperbot_cpp_examples'
[2.068s] INFO:colcon.colcon_core.plugin_system:Skipping extension 'colcon_core.shell.bat': Not used on non-Windows systems
[2.068s] INFO:colcon.colcon_core.shell:Skip shell extension 'powershell' for command environment: Not usable outside of PowerShell
[2.068s] DEBUG:colcon.colcon_core.shell:Skip shell extension 'dsv' for command environment
[2.147s] INFO:colcon.colcon_ros.task.ament_python.build:Building ROS package in '/home/ubuntu-humble/dev_po/src/bumperbot_py_examples' with build type 'ament_python'
[2.147s] Level 1:colcon.colcon_core.shell:create_environment_hook('bumperbot_py_examples', 'ament_prefix_path')
[2.174s] INFO:colcon.colcon_core.shell:Creating environment hook '/home/ubuntu-humble/dev_po/install/bumperbot_py_examples/share/bumperbot_py_examples/hook/ament_prefix_path.ps1'
[2.175s] INFO:colcon.colcon_core.shell:Creating environment descriptor '/home/ubuntu-humble/dev_po/install/bumperbot_py_examples/share/bumperbot_py_examples/hook/ament_prefix_path.dsv'
[2.176s] INFO:colcon.colcon_core.shell:Creating environment hook '/home/ubuntu-humble/dev_po/install/bumperbot_py_examples/share/bumperbot_py_examples/hook/ament_prefix_path.sh'
[2.201s] INFO:colcon.colcon_core.shell:Skip shell extension 'powershell' for command environment: Not usable outside of PowerShell
[2.201s] DEBUG:colcon.colcon_core.shell:Skip shell extension 'dsv' for command environment
[2.276s] DEBUG:colcon.colcon_core.event_handler.log_command:Invoking command in '/home/ubuntu-humble/dev_po/build/bumperbot_cpp_examples': CMAKE_PREFIX_PATH=${CMAKE_PREFIX_PATH}:/home/ubuntu-humble/dev_po/install/bumperbot_py_examples:/opt/ros/humble /usr/bin/cmake /home/ubuntu-humble/dev_po/src/bumperbot_cpp_examples -DAMENT_CMAKE_SYMLINK_INSTALL=1 -DCMAKE_INSTALL_PREFIX=/home/ubuntu-humble/dev_po/install/bumperbot_cpp_examples
[2.674s] INFO:colcon.colcon_core.task.python.build:Building Python package in '/home/ubuntu-humble/dev_po/src/bumperbot_py_examples'
[2.697s] INFO:colcon.colcon_core.shell:Skip shell extension 'powershell' for command environment: Not usable outside of PowerShell
[2.697s] DEBUG:colcon.colcon_core.shell:Skip shell extension 'dsv' for command environment
[3.352s] DEBUG:colcon.colcon_core.event_handler.log_command:Invoking command in '/home/ubuntu-humble/dev_po/build/bumperbot_py_examples': PYTHONPATH=/home/ubuntu-humble/dev_po/build/bumperbot_py_examples/prefix_override:/home/ubuntu-humble/dev_po/install/bumperbot_py_examples/lib/python3.10/site-packages:${PYTHONPATH} /usr/bin/python3 setup.py develop --editable --build-directory /home/ubuntu-humble/dev_po/build/bumperbot_py_examples/build --no-deps install_data
[4.019s] DEBUG:colcon.colcon_core.event_handler.log_command:Invoked command in '/home/ubuntu-humble/dev_po/build/bumperbot_cpp_examples' returned '0': CMAKE_PREFIX_PATH=${CMAKE_PREFIX_PATH}:/home/ubuntu-humble/dev_po/install/bumperbot_py_examples:/opt/ros/humble /usr/bin/cmake /home/ubuntu-humble/dev_po/src/bumperbot_cpp_examples -DAMENT_CMAKE_SYMLINK_INSTALL=1 -DCMAKE_INSTALL_PREFIX=/home/ubuntu-humble/dev_po/install/bumperbot_cpp_examples
[4.021s] DEBUG:colcon.colcon_core.event_handler.log_command:Invoking command in '/home/ubuntu-humble/dev_po/build/bumperbot_cpp_examples': CMAKE_PREFIX_PATH=${CMAKE_PREFIX_PATH}:/home/ubuntu-humble/dev_po/install/bumperbot_py_examples:/opt/ros/humble /usr/bin/cmake --build /home/ubuntu-humble/dev_po/build/bumperbot_cpp_examples -- -j4 -l4
[4.053s] Level 1:colcon.colcon_core.shell:create_environment_hook('bumperbot_py_examples', 'pythonpath_develop')
[4.053s] DEBUG:colcon.colcon_core.event_handler.log_command:Invoked command in '/home/ubuntu-humble/dev_po/build/bumperbot_py_examples' returned '0': PYTHONPATH=/home/ubuntu-humble/dev_po/build/bumperbot_py_examples/prefix_override:/home/ubuntu-humble/dev_po/install/bumperbot_py_examples/lib/python3.10/site-packages:${PYTHONPATH} /usr/bin/python3 setup.py develop --editable --build-directory /home/ubuntu-humble/dev_po/build/bumperbot_py_examples/build --no-deps install_data
[4.076s] INFO:colcon.colcon_core.shell:Creating environment hook '/home/ubuntu-humble/dev_po/build/bumperbot_py_examples/share/bumperbot_py_examples/hook/pythonpath_develop.ps1'
[4.077s] INFO:colcon.colcon_core.shell:Creating environment descriptor '/home/ubuntu-humble/dev_po/build/bumperbot_py_examples/share/bumperbot_py_examples/hook/pythonpath_develop.dsv'
[4.077s] INFO:colcon.colcon_core.shell:Creating environment hook '/home/ubuntu-humble/dev_po/build/bumperbot_py_examples/share/bumperbot_py_examples/hook/pythonpath_develop.sh'
[4.105s] Level 1:colcon.colcon_core.environment:checking '/home/ubuntu-humble/dev_po/install/bumperbot_py_examples' for CMake module files
[4.106s] Level 1:colcon.colcon_core.environment:checking '/home/ubuntu-humble/dev_po/install/bumperbot_py_examples' for CMake config files
[4.107s] Level 1:colcon.colcon_core.environment:checking '/home/ubuntu-humble/dev_po/install/bumperbot_py_examples/lib'
[4.107s] Level 1:colcon.colcon_core.environment:checking '/home/ubuntu-humble/dev_po/install/bumperbot_py_examples/bin'
[4.108s] Level 1:colcon.colcon_core.environment:checking '/home/ubuntu-humble/dev_po/install/bumperbot_py_examples/lib/pkgconfig/bumperbot_py_examples.pc'
[4.108s] Level 1:colcon.colcon_core.environment:checking '/home/ubuntu-humble/dev_po/install/bumperbot_py_examples/lib/python3.10/site-packages'
[4.108s] Level 1:colcon.colcon_core.shell:create_environment_hook('bumperbot_py_examples', 'pythonpath')
[4.130s] INFO:colcon.colcon_core.shell:Creating environment hook '/home/ubuntu-humble/dev_po/install/bumperbot_py_examples/share/bumperbot_py_examples/hook/pythonpath.ps1'
[4.130s] INFO:colcon.colcon_core.shell:Creating environment descriptor '/home/ubuntu-humble/dev_po/install/bumperbot_py_examples/share/bumperbot_py_examples/hook/pythonpath.dsv'
[4.131s] INFO:colcon.colcon_core.shell:Creating environment hook '/home/ubuntu-humble/dev_po/install/bumperbot_py_examples/share/bumperbot_py_examples/hook/pythonpath.sh'
[4.131s] Level 1:colcon.colcon_core.environment:checking '/home/ubuntu-humble/dev_po/install/bumperbot_py_examples/bin'
[4.131s] Level 1:colcon.colcon_core.environment:create_environment_scripts_only(bumperbot_py_examples)
[4.156s] INFO:colcon.colcon_core.shell:Creating package script '/home/ubuntu-humble/dev_po/install/bumperbot_py_examples/share/bumperbot_py_examples/package.ps1'
[4.158s] INFO:colcon.colcon_core.shell:Creating package descriptor '/home/ubuntu-humble/dev_po/install/bumperbot_py_examples/share/bumperbot_py_examples/package.dsv'
[4.159s] INFO:colcon.colcon_core.shell:Creating package script '/home/ubuntu-humble/dev_po/install/bumperbot_py_examples/share/bumperbot_py_examples/package.sh'
[4.160s] INFO:colcon.colcon_core.shell:Creating package script '/home/ubuntu-humble/dev_po/install/bumperbot_py_examples/share/bumperbot_py_examples/package.bash'
[4.161s] INFO:colcon.colcon_core.shell:Creating package script '/home/ubuntu-humble/dev_po/install/bumperbot_py_examples/share/bumperbot_py_examples/package.zsh'
[4.162s] Level 1:colcon.colcon_core.environment:create_file_with_runtime_dependencies(/home/ubuntu-humble/dev_po/install/bumperbot_py_examples/share/colcon-core/packages/bumperbot_py_examples)
[4.164s] DEBUG:colcon.colcon_core.event_handler.log_command:Invoked command in '/home/ubuntu-humble/dev_po/build/bumperbot_cpp_examples' returned '0': CMAKE_PREFIX_PATH=${CMAKE_PREFIX_PATH}:/home/ubuntu-humble/dev_po/install/bumperbot_py_examples:/opt/ros/humble /usr/bin/cmake --build /home/ubuntu-humble/dev_po/build/bumperbot_cpp_examples -- -j4 -l4
[4.204s] DEBUG:colcon.colcon_core.event_handler.log_command:Invoking command in '/home/ubuntu-humble/dev_po/build/bumperbot_cpp_examples': CMAKE_PREFIX_PATH=${CMAKE_PREFIX_PATH}:/home/ubuntu-humble/dev_po/install/bumperbot_py_examples:/opt/ros/humble /usr/bin/cmake --install /home/ubuntu-humble/dev_po/build/bumperbot_cpp_examples
[4.375s] Level 1:colcon.colcon_core.environment:create_environment_scripts_only(bumperbot_cpp_examples)
[4.379s] DEBUG:colcon.colcon_core.event_handler.log_command:Invoked command in '/home/ubuntu-humble/dev_po/build/bumperbot_cpp_examples' returned '0': CMAKE_PREFIX_PATH=${CMAKE_PREFIX_PATH}:/home/ubuntu-humble/dev_po/install/bumperbot_py_examples:/opt/ros/humble /usr/bin/cmake --install /home/ubuntu-humble/dev_po/build/bumperbot_cpp_examples
[4.408s] Level 1:colcon.colcon_core.environment:checking '/home/ubuntu-humble/dev_po/install/bumperbot_cpp_examples' for CMake module files
[4.409s] Level 1:colcon.colcon_core.environment:checking '/home/ubuntu-humble/dev_po/install/bumperbot_cpp_examples' for CMake config files
[4.410s] Level 1:colcon.colcon_core.shell:create_environment_hook('bumperbot_cpp_examples', 'cmake_prefix_path')
[4.434s] INFO:colcon.colcon_core.shell:Creating environment hook '/home/ubuntu-humble/dev_po/install/bumperbot_cpp_examples/share/bumperbot_cpp_examples/hook/cmake_prefix_path.ps1'
[4.435s] INFO:colcon.colcon_core.shell:Creating environment descriptor '/home/ubuntu-humble/dev_po/install/bumperbot_cpp_examples/share/bumperbot_cpp_examples/hook/cmake_prefix_path.dsv'
[4.435s] INFO:colcon.colcon_core.shell:Creating environment hook '/home/ubuntu-humble/dev_po/install/bumperbot_cpp_examples/share/bumperbot_cpp_examples/hook/cmake_prefix_path.sh'
[4.435s] Level 1:colcon.colcon_core.environment:checking '/home/ubuntu-humble/dev_po/install/bumperbot_cpp_examples/bin'
[4.436s] Level 1:colcon.colcon_core.environment:checking '/home/ubuntu-humble/dev_po/install/bumperbot_cpp_examples/lib/pkgconfig/bumperbot_cpp_examples.pc'
[4.436s] Level 1:colcon.colcon_core.environment:checking '/home/ubuntu-humble/dev_po/install/bumperbot_cpp_examples/lib/python3.10/site-packages'
[4.436s] Level 1:colcon.colcon_core.environment:checking '/home/ubuntu-humble/dev_po/install/bumperbot_cpp_examples/bin'
[4.459s] INFO:colcon.colcon_core.shell:Creating package script '/home/ubuntu-humble/dev_po/install/bumperbot_cpp_examples/share/bumperbot_cpp_examples/package.ps1'
[4.460s] INFO:colcon.colcon_core.shell:Creating package descriptor '/home/ubuntu-humble/dev_po/install/bumperbot_cpp_examples/share/bumperbot_cpp_examples/package.dsv'
[4.460s] INFO:colcon.colcon_core.shell:Creating package script '/home/ubuntu-humble/dev_po/install/bumperbot_cpp_examples/share/bumperbot_cpp_examples/package.sh'
[4.461s] INFO:colcon.colcon_core.shell:Creating package script '/home/ubuntu-humble/dev_po/install/bumperbot_cpp_examples/share/bumperbot_cpp_examples/package.bash'
[4.461s] INFO:colcon.colcon_core.shell:Creating package script '/home/ubuntu-humble/dev_po/install/bumperbot_cpp_examples/share/bumperbot_cpp_examples/package.zsh'
[4.461s] Level 1:colcon.colcon_core.environment:create_file_with_runtime_dependencies(/home/ubuntu-humble/dev_po/install/bumperbot_cpp_examples/share/colcon-core/packages/bumperbot_cpp_examples)
[4.521s] Level 1:colcon.colcon_core.environment:create_environment_scripts_only(bumperbot_cpp_examples)
[4.543s] Level 1:colcon.colcon_core.environment:checking '/home/ubuntu-humble/dev_po/install/bumperbot_cpp_examples' for CMake module files
[4.544s] Level 1:colcon.colcon_core.environment:checking '/home/ubuntu-humble/dev_po/install/bumperbot_cpp_examples' for CMake config files
[4.544s] Level 1:colcon.colcon_core.shell:create_environment_hook('bumperbot_cpp_examples', 'cmake_prefix_path')
[4.569s] INFO:colcon.colcon_core.shell:Creating environment hook '/home/ubuntu-humble/dev_po/install/bumperbot_cpp_examples/share/bumperbot_cpp_examples/hook/cmake_prefix_path.ps1'
[4.569s] INFO:colcon.colcon_core.shell:Creating environment descriptor '/home/ubuntu-humble/dev_po/install/bumperbot_cpp_examples/share/bumperbot_cpp_examples/hook/cmake_prefix_path.dsv'
[4.570s] INFO:colcon.colcon_core.shell:Creating environment hook '/home/ubuntu-humble/dev_po/install/bumperbot_cpp_examples/share/bumperbot_cpp_examples/hook/cmake_prefix_path.sh'
[4.570s] Level 1:colcon.colcon_core.environment:checking '/home/ubuntu-humble/dev_po/install/bumperbot_cpp_examples/bin'
[4.570s] Level 1:colcon.colcon_core.environment:checking '/home/ubuntu-humble/dev_po/install/bumperbot_cpp_examples/lib/pkgconfig/bumperbot_cpp_examples.pc'
[4.571s] Level 1:colcon.colcon_core.environment:checking '/home/ubuntu-humble/dev_po/install/bumperbot_cpp_examples/lib/python3.10/site-packages'
[4.571s] Level 1:colcon.colcon_core.environment:checking '/home/ubuntu-humble/dev_po/install/bumperbot_cpp_examples/bin'
[4.600s] INFO:colcon.colcon_core.shell:Creating package script '/home/ubuntu-humble/dev_po/install/bumperbot_cpp_examples/share/bumperbot_cpp_examples/package.ps1'
[4.601s] INFO:colcon.colcon_core.shell:Creating package descriptor '/home/ubuntu-humble/dev_po/install/bumperbot_cpp_examples/share/bumperbot_cpp_examples/package.dsv'
[4.601s] INFO:colcon.colcon_core.shell:Creating package script '/home/ubuntu-humble/dev_po/install/bumperbot_cpp_examples/share/bumperbot_cpp_examples/package.sh'
[4.602s] INFO:colcon.colcon_core.shell:Creating package script '/home/ubuntu-humble/dev_po/install/bumperbot_cpp_examples/share/bumperbot_cpp_examples/package.bash'
[4.605s] INFO:colcon.colcon_core.shell:Creating package script '/home/ubuntu-humble/dev_po/install/bumperbot_cpp_examples/share/bumperbot_cpp_examples/package.zsh'
[4.607s] Level 1:colcon.colcon_core.environment:create_file_with_runtime_dependencies(/home/ubuntu-humble/dev_po/install/bumperbot_cpp_examples/share/colcon-core/packages/bumperbot_cpp_examples)
[4.607s] DEBUG:colcon.colcon_parallel_executor.executor.parallel:closing loop
[4.608s] DEBUG:colcon.colcon_parallel_executor.executor.parallel:loop closed
[4.608s] DEBUG:colcon.colcon_parallel_executor.executor.parallel:run_until_complete finished with '0'
[4.608s] DEBUG:colcon.colcon_core.event_reactor:joining thread
[4.640s] INFO:colcon.colcon_core.plugin_system:Skipping extension 'colcon_notification.desktop_notification.terminal_notifier': Not used on non-Darwin systems
[4.640s] INFO:colcon.colcon_core.plugin_system:Skipping extension 'colcon_notification.desktop_notification.win32': Not used on non-Windows systems
[4.640s] INFO:colcon.colcon_notification.desktop_notification:Sending desktop notification using 'notify2'
[4.657s] DEBUG:colcon.colcon_core.event_reactor:joined thread
[4.681s] INFO:colcon.colcon_core.shell:Creating prefix script '/home/ubuntu-humble/dev_po/install/local_setup.ps1'
[4.682s] INFO:colcon.colcon_core.shell:Creating prefix util module '/home/ubuntu-humble/dev_po/install/_local_setup_util_ps1.py'
[4.685s] INFO:colcon.colcon_core.shell:Creating prefix chain script '/home/ubuntu-humble/dev_po/install/setup.ps1'
[4.712s] INFO:colcon.colcon_core.shell:Creating prefix script '/home/ubuntu-humble/dev_po/install/local_setup.sh'
[4.713s] INFO:colcon.colcon_core.shell:Creating prefix util module '/home/ubuntu-humble/dev_po/install/_local_setup_util_sh.py'
[4.713s] INFO:colcon.colcon_core.shell:Creating prefix chain script '/home/ubuntu-humble/dev_po/install/setup.sh'
[4.739s] INFO:colcon.colcon_core.shell:Creating prefix script '/home/ubuntu-humble/dev_po/install/local_setup.bash'
[4.740s] INFO:colcon.colcon_core.shell:Creating prefix chain script '/home/ubuntu-humble/dev_po/install/setup.bash'
[4.766s] INFO:colcon.colcon_core.shell:Creating prefix script '/home/ubuntu-humble/dev_po/install/local_setup.zsh'
[4.767s] INFO:colcon.colcon_core.shell:Creating prefix chain script '/home/ubuntu-humble/dev_po/install/setup.zsh'
