[1.512s] DEBUG:colcon:Command line arguments: ['/usr/bin/colcon', 'build', '--symlink-install']
[1.512s] DEBUG:colcon:Parsed command line arguments: Namespace(log_base=None, log_level=None, verb_name='build', build_base='build', install_base='install', merge_install=False, symlink_install=True, test_result_base=None, continue_on_error=False, executor='parallel', parallel_workers=4, event_handlers=None, ignore_user_meta=False, metas=['./colcon.meta'], base_paths=['.'], packages_ignore=None, packages_ignore_regex=None, paths=None, packages_up_to=None, packages_up_to_regex=None, packages_above=None, packages_above_and_dependencies=None, packages_above_depth=None, packages_select_by_dep=None, packages_skip_by_dep=None, packages_skip_up_to=None, packages_select_build_failed=False, packages_skip_build_finished=False, packages_select_test_failures=False, packages_skip_test_passed=False, packages_select=None, packages_skip=None, packages_select_regex=None, packages_skip_regex=None, packages_start=None, packages_end=None, allow_overriding=[], cmake_args=None, cmake_target=None, cmake_target_skip_unavailable=False, cmake_clean_cache=False, cmake_clean_first=False, cmake_force_configure=False, ament_cmake_args=None, catkin_cmake_args=None, catkin_skip_building_tests=False, verb_parser=<colcon_defaults.argument_parser.defaults.DefaultArgumentsDecorator object at 0x7fa584facc40>, verb_extension=<colcon_core.verb.build.BuildVerb object at 0x7fa585d67d30>, main=<bound method BuildVerb.main of <colcon_core.verb.build.BuildVerb object at 0x7fa585d67d30>>)
[1.582s] Level 1:colcon.colcon_core.package_discovery:discover_packages(colcon_meta) check parameters
[1.582s] Level 1:colcon.colcon_core.package_discovery:discover_packages(recursive) check parameters
[1.582s] Level 1:colcon.colcon_core.package_discovery:discover_packages(ignore) check parameters
[1.582s] Level 1:colcon.colcon_core.package_discovery:discover_packages(path) check parameters
[1.582s] Level 1:colcon.colcon_core.package_discovery:discover_packages(colcon_meta) discover
[1.582s] Level 1:colcon.colcon_core.package_discovery:discover_packages(recursive) discover
[1.582s] INFO:colcon.colcon_core.package_discovery:Crawling recursively for packages in '/home/ubuntu-humble/dev_po'
[1.583s] Level 1:colcon.colcon_core.package_identification:_identify(.) by extensions ['ignore', 'ignore_ament_install']
[1.583s] Level 1:colcon.colcon_core.package_identification:_identify(.) by extension 'ignore'
[1.583s] Level 1:colcon.colcon_core.package_identification:_identify(.) by extension 'ignore_ament_install'
[1.583s] Level 1:colcon.colcon_core.package_identification:_identify(.) by extensions ['colcon_pkg']
[1.583s] Level 1:colcon.colcon_core.package_identification:_identify(.) by extension 'colcon_pkg'
[1.583s] Level 1:colcon.colcon_core.package_identification:_identify(.) by extensions ['colcon_meta']
[1.583s] Level 1:colcon.colcon_core.package_identification:_identify(.) by extension 'colcon_meta'
[1.583s] Level 1:colcon.colcon_core.package_identification:_identify(.) by extensions ['ros']
[1.583s] Level 1:colcon.colcon_core.package_identification:_identify(.) by extension 'ros'
[1.598s] Level 1:colcon.colcon_core.package_identification:_identify(.) by extensions ['cmake', 'python']
[1.598s] Level 1:colcon.colcon_core.package_identification:_identify(.) by extension 'cmake'
[1.599s] Level 1:colcon.colcon_core.package_identification:_identify(.) by extension 'python'
[1.599s] Level 1:colcon.colcon_core.package_identification:_identify(.) by extensions ['python_setup_py']
[1.599s] Level 1:colcon.colcon_core.package_identification:_identify(.) by extension 'python_setup_py'
[1.599s] Level 1:colcon.colcon_core.package_identification:_identify(build) by extensions ['ignore', 'ignore_ament_install']
[1.599s] Level 1:colcon.colcon_core.package_identification:_identify(build) by extension 'ignore'
[1.599s] Level 1:colcon.colcon_core.package_identification:_identify(build) ignored
[1.599s] Level 1:colcon.colcon_core.package_identification:_identify(install) by extensions ['ignore', 'ignore_ament_install']
[1.599s] Level 1:colcon.colcon_core.package_identification:_identify(install) by extension 'ignore'
[1.599s] Level 1:colcon.colcon_core.package_identification:_identify(install) ignored
[1.600s] Level 1:colcon.colcon_core.package_identification:_identify(log) by extensions ['ignore', 'ignore_ament_install']
[1.600s] Level 1:colcon.colcon_core.package_identification:_identify(log) by extension 'ignore'
[1.600s] Level 1:colcon.colcon_core.package_identification:_identify(log) ignored
[1.600s] Level 1:colcon.colcon_core.package_identification:_identify(src) by extensions ['ignore', 'ignore_ament_install']
[1.600s] Level 1:colcon.colcon_core.package_identification:_identify(src) by extension 'ignore'
[1.600s] Level 1:colcon.colcon_core.package_identification:_identify(src) by extension 'ignore_ament_install'
[1.600s] Level 1:colcon.colcon_core.package_identification:_identify(src) by extensions ['colcon_pkg']
[1.600s] Level 1:colcon.colcon_core.package_identification:_identify(src) by extension 'colcon_pkg'
[1.600s] Level 1:colcon.colcon_core.package_identification:_identify(src) by extensions ['colcon_meta']
[1.600s] Level 1:colcon.colcon_core.package_identification:_identify(src) by extension 'colcon_meta'
[1.600s] Level 1:colcon.colcon_core.package_identification:_identify(src) by extensions ['ros']
[1.600s] Level 1:colcon.colcon_core.package_identification:_identify(src) by extension 'ros'
[1.600s] Level 1:colcon.colcon_core.package_identification:_identify(src) by extensions ['cmake', 'python']
[1.601s] Level 1:colcon.colcon_core.package_identification:_identify(src) by extension 'cmake'
[1.601s] Level 1:colcon.colcon_core.package_identification:_identify(src) by extension 'python'
[1.601s] Level 1:colcon.colcon_core.package_identification:_identify(src) by extensions ['python_setup_py']
[1.601s] Level 1:colcon.colcon_core.package_identification:_identify(src) by extension 'python_setup_py'
[1.601s] Level 1:colcon.colcon_core.package_identification:_identify(src/bumperbot_cpp_examples) by extensions ['ignore', 'ignore_ament_install']
[1.601s] Level 1:colcon.colcon_core.package_identification:_identify(src/bumperbot_cpp_examples) by extension 'ignore'
[1.601s] Level 1:colcon.colcon_core.package_identification:_identify(src/bumperbot_cpp_examples) by extension 'ignore_ament_install'
[1.601s] Level 1:colcon.colcon_core.package_identification:_identify(src/bumperbot_cpp_examples) by extensions ['colcon_pkg']
[1.601s] Level 1:colcon.colcon_core.package_identification:_identify(src/bumperbot_cpp_examples) by extension 'colcon_pkg'
[1.601s] Level 1:colcon.colcon_core.package_identification:_identify(src/bumperbot_cpp_examples) by extensions ['colcon_meta']
[1.601s] Level 1:colcon.colcon_core.package_identification:_identify(src/bumperbot_cpp_examples) by extension 'colcon_meta'
[1.601s] Level 1:colcon.colcon_core.package_identification:_identify(src/bumperbot_cpp_examples) by extensions ['ros']
[1.601s] Level 1:colcon.colcon_core.package_identification:_identify(src/bumperbot_cpp_examples) by extension 'ros'
[1.604s] DEBUG:colcon.colcon_core.package_identification:Package 'src/bumperbot_cpp_examples' with type 'ros.ament_cmake' and name 'bumperbot_cpp_examples'
[1.605s] Level 1:colcon.colcon_core.package_identification:_identify(src/bumperbot_py_examples) by extensions ['ignore', 'ignore_ament_install']
[1.605s] Level 1:colcon.colcon_core.package_identification:_identify(src/bumperbot_py_examples) by extension 'ignore'
[1.605s] Level 1:colcon.colcon_core.package_identification:_identify(src/bumperbot_py_examples) by extension 'ignore_ament_install'
[1.605s] Level 1:colcon.colcon_core.package_identification:_identify(src/bumperbot_py_examples) by extensions ['colcon_pkg']
[1.605s] Level 1:colcon.colcon_core.package_identification:_identify(src/bumperbot_py_examples) by extension 'colcon_pkg'
[1.605s] Level 1:colcon.colcon_core.package_identification:_identify(src/bumperbot_py_examples) by extensions ['colcon_meta']
[1.605s] Level 1:colcon.colcon_core.package_identification:_identify(src/bumperbot_py_examples) by extension 'colcon_meta'
[1.605s] Level 1:colcon.colcon_core.package_identification:_identify(src/bumperbot_py_examples) by extensions ['ros']
[1.605s] Level 1:colcon.colcon_core.package_identification:_identify(src/bumperbot_py_examples) by extension 'ros'
[1.606s] DEBUG:colcon.colcon_core.package_identification:Package 'src/bumperbot_py_examples' with type 'ros.ament_python' and name 'bumperbot_py_examples'
[1.606s] Level 1:colcon.colcon_core.package_discovery:discover_packages(recursive) using defaults
[1.606s] Level 1:colcon.colcon_core.package_discovery:discover_packages(ignore) discover
[1.606s] Level 1:colcon.colcon_core.package_discovery:discover_packages(ignore) using defaults
[1.606s] Level 1:colcon.colcon_core.package_discovery:discover_packages(path) discover
[1.606s] Level 1:colcon.colcon_core.package_discovery:discover_packages(path) using defaults
[1.742s] Level 1:colcon.colcon_core.package_discovery:discover_packages(prefix_path) check parameters
[1.742s] Level 1:colcon.colcon_core.package_discovery:discover_packages(prefix_path) discover
[1.787s] DEBUG:colcon.colcon_installed_package_information.package_discovery:Found 2 installed packages in /home/ubuntu-humble/dev_po/install
[1.810s] DEBUG:colcon.colcon_installed_package_information.package_discovery:Found 327 installed packages in /opt/ros/humble
[1.814s] Level 1:colcon.colcon_core.package_discovery:discover_packages(prefix_path) using defaults
[1.984s] Level 5:colcon.colcon_core.verb:set package 'bumperbot_cpp_examples' build argument 'cmake_args' from command line to 'None'
[1.984s] Level 5:colcon.colcon_core.verb:set package 'bumperbot_cpp_examples' build argument 'cmake_target' from command line to 'None'
[1.984s] Level 5:colcon.colcon_core.verb:set package 'bumperbot_cpp_examples' build argument 'cmake_target_skip_unavailable' from command line to 'False'
[1.984s] Level 5:colcon.colcon_core.verb:set package 'bumperbot_cpp_examples' build argument 'cmake_clean_cache' from command line to 'False'
[1.984s] Level 5:colcon.colcon_core.verb:set package 'bumperbot_cpp_examples' build argument 'cmake_clean_first' from command line to 'False'
[1.984s] Level 5:colcon.colcon_core.verb:set package 'bumperbot_cpp_examples' build argument 'cmake_force_configure' from command line to 'False'
[1.984s] Level 5:colcon.colcon_core.verb:set package 'bumperbot_cpp_examples' build argument 'ament_cmake_args' from command line to 'None'
[1.984s] Level 5:colcon.colcon_core.verb:set package 'bumperbot_cpp_examples' build argument 'catkin_cmake_args' from command line to 'None'
[1.984s] Level 5:colcon.colcon_core.verb:set package 'bumperbot_cpp_examples' build argument 'catkin_skip_building_tests' from command line to 'False'
[1.984s] DEBUG:colcon.colcon_core.verb:Building package 'bumperbot_cpp_examples' with the following arguments: {'ament_cmake_args': None, 'build_base': '/home/ubuntu-humble/dev_po/build/bumperbot_cpp_examples', 'catkin_cmake_args': None, 'catkin_skip_building_tests': False, 'cmake_args': None, 'cmake_clean_cache': False, 'cmake_clean_first': False, 'cmake_force_configure': False, 'cmake_target': None, 'cmake_target_skip_unavailable': False, 'install_base': '/home/ubuntu-humble/dev_po/install/bumperbot_cpp_examples', 'merge_install': False, 'path': '/home/ubuntu-humble/dev_po/src/bumperbot_cpp_examples', 'symlink_install': True, 'test_result_base': None}
[2.006s] Level 5:colcon.colcon_core.verb:set package 'bumperbot_py_examples' build argument 'cmake_args' from command line to 'None'
[2.006s] Level 5:colcon.colcon_core.verb:set package 'bumperbot_py_examples' build argument 'cmake_target' from command line to 'None'
[2.006s] Level 5:colcon.colcon_core.verb:set package 'bumperbot_py_examples' build argument 'cmake_target_skip_unavailable' from command line to 'False'
[2.006s] Level 5:colcon.colcon_core.verb:set package 'bumperbot_py_examples' build argument 'cmake_clean_cache' from command line to 'False'
[2.006s] Level 5:colcon.colcon_core.verb:set package 'bumperbot_py_examples' build argument 'cmake_clean_first' from command line to 'False'
[2.007s] Level 5:colcon.colcon_core.verb:set package 'bumperbot_py_examples' build argument 'cmake_force_configure' from command line to 'False'
[2.007s] Level 5:colcon.colcon_core.verb:set package 'bumperbot_py_examples' build argument 'ament_cmake_args' from command line to 'None'
[2.007s] Level 5:colcon.colcon_core.verb:set package 'bumperbot_py_examples' build argument 'catkin_cmake_args' from command line to 'None'
[2.007s] Level 5:colcon.colcon_core.verb:set package 'bumperbot_py_examples' build argument 'catkin_skip_building_tests' from command line to 'False'
[2.007s] DEBUG:colcon.colcon_core.verb:Building package 'bumperbot_py_examples' with the following arguments: {'ament_cmake_args': None, 'build_base': '/home/ubuntu-humble/dev_po/build/bumperbot_py_examples', 'catkin_cmake_args': None, 'catkin_skip_building_tests': False, 'cmake_args': None, 'cmake_clean_cache': False, 'cmake_clean_first': False, 'cmake_force_configure': False, 'cmake_target': None, 'cmake_target_skip_unavailable': False, 'install_base': '/home/ubuntu-humble/dev_po/install/bumperbot_py_examples', 'merge_install': False, 'path': '/home/ubuntu-humble/dev_po/src/bumperbot_py_examples', 'symlink_install': True, 'test_result_base': None}
[2.028s] INFO:colcon.colcon_core.executor:Executing jobs using 'parallel' executor
[2.051s] DEBUG:colcon.colcon_parallel_executor.executor.parallel:run_until_complete
[2.051s] INFO:colcon.colcon_ros.task.ament_cmake.build:Building ROS package in '/home/ubuntu-humble/dev_po/src/bumperbot_cpp_examples' with build type 'ament_cmake'
[2.051s] INFO:colcon.colcon_cmake.task.cmake.build:Building CMake package in '/home/ubuntu-humble/dev_po/src/bumperbot_cpp_examples'
[2.077s] INFO:colcon.colcon_core.plugin_system:Skipping extension 'colcon_core.shell.bat': Not used on non-Windows systems
[2.078s] INFO:colcon.colcon_core.shell:Skip shell extension 'powershell' for command environment: Not usable outside of PowerShell
[2.078s] DEBUG:colcon.colcon_core.shell:Skip shell extension 'dsv' for command environment
[2.149s] INFO:colcon.colcon_ros.task.ament_python.build:Building ROS package in '/home/ubuntu-humble/dev_po/src/bumperbot_py_examples' with build type 'ament_python'
[2.149s] Level 1:colcon.colcon_core.shell:create_environment_hook('bumperbot_py_examples', 'ament_prefix_path')
[2.170s] INFO:colcon.colcon_core.shell:Creating environment hook '/home/ubuntu-humble/dev_po/install/bumperbot_py_examples/share/bumperbot_py_examples/hook/ament_prefix_path.ps1'
[2.171s] INFO:colcon.colcon_core.shell:Creating environment descriptor '/home/ubuntu-humble/dev_po/install/bumperbot_py_examples/share/bumperbot_py_examples/hook/ament_prefix_path.dsv'
[2.172s] INFO:colcon.colcon_core.shell:Creating environment hook '/home/ubuntu-humble/dev_po/install/bumperbot_py_examples/share/bumperbot_py_examples/hook/ament_prefix_path.sh'
[2.195s] INFO:colcon.colcon_core.shell:Skip shell extension 'powershell' for command environment: Not usable outside of PowerShell
[2.196s] DEBUG:colcon.colcon_core.shell:Skip shell extension 'dsv' for command environment
[2.271s] DEBUG:colcon.colcon_core.event_handler.log_command:Invoking command in '/home/ubuntu-humble/dev_po/build/bumperbot_cpp_examples': CMAKE_PREFIX_PATH=${CMAKE_PREFIX_PATH}:/home/ubuntu-humble/dev_po/install/bumperbot_py_examples:/opt/ros/humble /usr/bin/cmake --build /home/ubuntu-humble/dev_po/build/bumperbot_cpp_examples -- -j4 -l4
[2.652s] INFO:colcon.colcon_core.task.python.build:Building Python package in '/home/ubuntu-humble/dev_po/src/bumperbot_py_examples'
[2.674s] INFO:colcon.colcon_core.shell:Skip shell extension 'powershell' for command environment: Not usable outside of PowerShell
[2.675s] DEBUG:colcon.colcon_core.shell:Skip shell extension 'dsv' for command environment
[2.747s] DEBUG:colcon.colcon_core.event_handler.log_command:Invoked command in '/home/ubuntu-humble/dev_po/build/bumperbot_cpp_examples' returned '0': CMAKE_PREFIX_PATH=${CMAKE_PREFIX_PATH}:/home/ubuntu-humble/dev_po/install/bumperbot_py_examples:/opt/ros/humble /usr/bin/cmake --build /home/ubuntu-humble/dev_po/build/bumperbot_cpp_examples -- -j4 -l4
[2.783s] DEBUG:colcon.colcon_core.event_handler.log_command:Invoking command in '/home/ubuntu-humble/dev_po/build/bumperbot_cpp_examples': CMAKE_PREFIX_PATH=${CMAKE_PREFIX_PATH}:/home/ubuntu-humble/dev_po/install/bumperbot_py_examples:/opt/ros/humble /usr/bin/cmake --install /home/ubuntu-humble/dev_po/build/bumperbot_cpp_examples
[2.812s] Level 1:colcon.colcon_core.environment:create_environment_scripts_only(bumperbot_cpp_examples)
[2.812s] DEBUG:colcon.colcon_core.event_handler.log_command:Invoked command in '/home/ubuntu-humble/dev_po/build/bumperbot_cpp_examples' returned '0': CMAKE_PREFIX_PATH=${CMAKE_PREFIX_PATH}:/home/ubuntu-humble/dev_po/install/bumperbot_py_examples:/opt/ros/humble /usr/bin/cmake --install /home/ubuntu-humble/dev_po/build/bumperbot_cpp_examples
[2.838s] Level 1:colcon.colcon_core.environment:checking '/home/ubuntu-humble/dev_po/install/bumperbot_cpp_examples' for CMake module files
[2.838s] Level 1:colcon.colcon_core.environment:checking '/home/ubuntu-humble/dev_po/install/bumperbot_cpp_examples' for CMake config files
[2.839s] Level 1:colcon.colcon_core.shell:create_environment_hook('bumperbot_cpp_examples', 'cmake_prefix_path')
[2.861s] INFO:colcon.colcon_core.shell:Creating environment hook '/home/ubuntu-humble/dev_po/install/bumperbot_cpp_examples/share/bumperbot_cpp_examples/hook/cmake_prefix_path.ps1'
[2.862s] INFO:colcon.colcon_core.shell:Creating environment descriptor '/home/ubuntu-humble/dev_po/install/bumperbot_cpp_examples/share/bumperbot_cpp_examples/hook/cmake_prefix_path.dsv'
[2.863s] INFO:colcon.colcon_core.shell:Creating environment hook '/home/ubuntu-humble/dev_po/install/bumperbot_cpp_examples/share/bumperbot_cpp_examples/hook/cmake_prefix_path.sh'
[2.863s] Level 1:colcon.colcon_core.environment:checking '/home/ubuntu-humble/dev_po/install/bumperbot_cpp_examples/bin'
[2.863s] Level 1:colcon.colcon_core.environment:checking '/home/ubuntu-humble/dev_po/install/bumperbot_cpp_examples/lib/pkgconfig/bumperbot_cpp_examples.pc'
[2.864s] Level 1:colcon.colcon_core.environment:checking '/home/ubuntu-humble/dev_po/install/bumperbot_cpp_examples/lib/python3.10/site-packages'
[2.864s] Level 1:colcon.colcon_core.environment:checking '/home/ubuntu-humble/dev_po/install/bumperbot_cpp_examples/bin'
[2.887s] INFO:colcon.colcon_core.shell:Creating package script '/home/ubuntu-humble/dev_po/install/bumperbot_cpp_examples/share/bumperbot_cpp_examples/package.ps1'
[2.888s] INFO:colcon.colcon_core.shell:Creating package descriptor '/home/ubuntu-humble/dev_po/install/bumperbot_cpp_examples/share/bumperbot_cpp_examples/package.dsv'
[2.889s] INFO:colcon.colcon_core.shell:Creating package script '/home/ubuntu-humble/dev_po/install/bumperbot_cpp_examples/share/bumperbot_cpp_examples/package.sh'
[2.890s] INFO:colcon.colcon_core.shell:Creating package script '/home/ubuntu-humble/dev_po/install/bumperbot_cpp_examples/share/bumperbot_cpp_examples/package.bash'
[2.891s] INFO:colcon.colcon_core.shell:Creating package script '/home/ubuntu-humble/dev_po/install/bumperbot_cpp_examples/share/bumperbot_cpp_examples/package.zsh'
[2.892s] Level 1:colcon.colcon_core.environment:create_file_with_runtime_dependencies(/home/ubuntu-humble/dev_po/install/bumperbot_cpp_examples/share/colcon-core/packages/bumperbot_cpp_examples)
[2.947s] Level 1:colcon.colcon_core.environment:create_environment_scripts_only(bumperbot_cpp_examples)
[2.972s] Level 1:colcon.colcon_core.environment:checking '/home/ubuntu-humble/dev_po/install/bumperbot_cpp_examples' for CMake module files
[2.972s] Level 1:colcon.colcon_core.environment:checking '/home/ubuntu-humble/dev_po/install/bumperbot_cpp_examples' for CMake config files
[2.973s] Level 1:colcon.colcon_core.shell:create_environment_hook('bumperbot_cpp_examples', 'cmake_prefix_path')
[2.995s] INFO:colcon.colcon_core.shell:Creating environment hook '/home/ubuntu-humble/dev_po/install/bumperbot_cpp_examples/share/bumperbot_cpp_examples/hook/cmake_prefix_path.ps1'
[2.995s] INFO:colcon.colcon_core.shell:Creating environment descriptor '/home/ubuntu-humble/dev_po/install/bumperbot_cpp_examples/share/bumperbot_cpp_examples/hook/cmake_prefix_path.dsv'
[2.996s] INFO:colcon.colcon_core.shell:Creating environment hook '/home/ubuntu-humble/dev_po/install/bumperbot_cpp_examples/share/bumperbot_cpp_examples/hook/cmake_prefix_path.sh'
[2.996s] Level 1:colcon.colcon_core.environment:checking '/home/ubuntu-humble/dev_po/install/bumperbot_cpp_examples/bin'
[2.997s] Level 1:colcon.colcon_core.environment:checking '/home/ubuntu-humble/dev_po/install/bumperbot_cpp_examples/lib/pkgconfig/bumperbot_cpp_examples.pc'
[2.997s] Level 1:colcon.colcon_core.environment:checking '/home/ubuntu-humble/dev_po/install/bumperbot_cpp_examples/lib/python3.10/site-packages'
[2.997s] Level 1:colcon.colcon_core.environment:checking '/home/ubuntu-humble/dev_po/install/bumperbot_cpp_examples/bin'
[3.023s] INFO:colcon.colcon_core.shell:Creating package script '/home/ubuntu-humble/dev_po/install/bumperbot_cpp_examples/share/bumperbot_cpp_examples/package.ps1'
[3.024s] INFO:colcon.colcon_core.shell:Creating package descriptor '/home/ubuntu-humble/dev_po/install/bumperbot_cpp_examples/share/bumperbot_cpp_examples/package.dsv'
[3.025s] INFO:colcon.colcon_core.shell:Creating package script '/home/ubuntu-humble/dev_po/install/bumperbot_cpp_examples/share/bumperbot_cpp_examples/package.sh'
[3.029s] INFO:colcon.colcon_core.shell:Creating package script '/home/ubuntu-humble/dev_po/install/bumperbot_cpp_examples/share/bumperbot_cpp_examples/package.bash'
[3.030s] INFO:colcon.colcon_core.shell:Creating package script '/home/ubuntu-humble/dev_po/install/bumperbot_cpp_examples/share/bumperbot_cpp_examples/package.zsh'
[3.030s] Level 1:colcon.colcon_core.environment:create_file_with_runtime_dependencies(/home/ubuntu-humble/dev_po/install/bumperbot_cpp_examples/share/colcon-core/packages/bumperbot_cpp_examples)
[3.290s] DEBUG:colcon.colcon_core.event_handler.log_command:Invoking command in '/home/ubuntu-humble/dev_po/build/bumperbot_py_examples': PYTHONPATH=/home/ubuntu-humble/dev_po/build/bumperbot_py_examples/prefix_override:/home/ubuntu-humble/dev_po/install/bumperbot_py_examples/lib/python3.10/site-packages:${PYTHONPATH} /usr/bin/python3 setup.py develop --editable --build-directory /home/ubuntu-humble/dev_po/build/bumperbot_py_examples/build --no-deps install_data
[3.960s] Level 1:colcon.colcon_core.shell:create_environment_hook('bumperbot_py_examples', 'pythonpath_develop')
[3.961s] DEBUG:colcon.colcon_core.event_handler.log_command:Invoked command in '/home/ubuntu-humble/dev_po/build/bumperbot_py_examples' returned '0': PYTHONPATH=/home/ubuntu-humble/dev_po/build/bumperbot_py_examples/prefix_override:/home/ubuntu-humble/dev_po/install/bumperbot_py_examples/lib/python3.10/site-packages:${PYTHONPATH} /usr/bin/python3 setup.py develop --editable --build-directory /home/ubuntu-humble/dev_po/build/bumperbot_py_examples/build --no-deps install_data
[3.980s] INFO:colcon.colcon_core.shell:Creating environment hook '/home/ubuntu-humble/dev_po/build/bumperbot_py_examples/share/bumperbot_py_examples/hook/pythonpath_develop.ps1'
[3.981s] INFO:colcon.colcon_core.shell:Creating environment descriptor '/home/ubuntu-humble/dev_po/build/bumperbot_py_examples/share/bumperbot_py_examples/hook/pythonpath_develop.dsv'
[3.982s] INFO:colcon.colcon_core.shell:Creating environment hook '/home/ubuntu-humble/dev_po/build/bumperbot_py_examples/share/bumperbot_py_examples/hook/pythonpath_develop.sh'
[4.004s] Level 1:colcon.colcon_core.environment:checking '/home/ubuntu-humble/dev_po/install/bumperbot_py_examples' for CMake module files
[4.005s] Level 1:colcon.colcon_core.environment:checking '/home/ubuntu-humble/dev_po/install/bumperbot_py_examples' for CMake config files
[4.006s] Level 1:colcon.colcon_core.environment:checking '/home/ubuntu-humble/dev_po/install/bumperbot_py_examples/lib'
[4.006s] Level 1:colcon.colcon_core.environment:checking '/home/ubuntu-humble/dev_po/install/bumperbot_py_examples/bin'
[4.006s] Level 1:colcon.colcon_core.environment:checking '/home/ubuntu-humble/dev_po/install/bumperbot_py_examples/lib/pkgconfig/bumperbot_py_examples.pc'
[4.006s] Level 1:colcon.colcon_core.environment:checking '/home/ubuntu-humble/dev_po/install/bumperbot_py_examples/lib/python3.10/site-packages'
[4.006s] Level 1:colcon.colcon_core.shell:create_environment_hook('bumperbot_py_examples', 'pythonpath')
[4.032s] INFO:colcon.colcon_core.shell:Creating environment hook '/home/ubuntu-humble/dev_po/install/bumperbot_py_examples/share/bumperbot_py_examples/hook/pythonpath.ps1'
[4.033s] INFO:colcon.colcon_core.shell:Creating environment descriptor '/home/ubuntu-humble/dev_po/install/bumperbot_py_examples/share/bumperbot_py_examples/hook/pythonpath.dsv'
[4.033s] INFO:colcon.colcon_core.shell:Creating environment hook '/home/ubuntu-humble/dev_po/install/bumperbot_py_examples/share/bumperbot_py_examples/hook/pythonpath.sh'
[4.034s] Level 1:colcon.colcon_core.environment:checking '/home/ubuntu-humble/dev_po/install/bumperbot_py_examples/bin'
[4.034s] Level 1:colcon.colcon_core.environment:create_environment_scripts_only(bumperbot_py_examples)
[4.057s] INFO:colcon.colcon_core.shell:Creating package script '/home/ubuntu-humble/dev_po/install/bumperbot_py_examples/share/bumperbot_py_examples/package.ps1'
[4.058s] INFO:colcon.colcon_core.shell:Creating package descriptor '/home/ubuntu-humble/dev_po/install/bumperbot_py_examples/share/bumperbot_py_examples/package.dsv'
[4.058s] INFO:colcon.colcon_core.shell:Creating package script '/home/ubuntu-humble/dev_po/install/bumperbot_py_examples/share/bumperbot_py_examples/package.sh'
[4.059s] INFO:colcon.colcon_core.shell:Creating package script '/home/ubuntu-humble/dev_po/install/bumperbot_py_examples/share/bumperbot_py_examples/package.bash'
[4.059s] INFO:colcon.colcon_core.shell:Creating package script '/home/ubuntu-humble/dev_po/install/bumperbot_py_examples/share/bumperbot_py_examples/package.zsh'
[4.060s] Level 1:colcon.colcon_core.environment:create_file_with_runtime_dependencies(/home/ubuntu-humble/dev_po/install/bumperbot_py_examples/share/colcon-core/packages/bumperbot_py_examples)
[4.060s] DEBUG:colcon.colcon_parallel_executor.executor.parallel:closing loop
[4.060s] DEBUG:colcon.colcon_parallel_executor.executor.parallel:loop closed
[4.061s] DEBUG:colcon.colcon_parallel_executor.executor.parallel:run_until_complete finished with '0'
[4.061s] DEBUG:colcon.colcon_core.event_reactor:joining thread
[4.090s] INFO:colcon.colcon_core.plugin_system:Skipping extension 'colcon_notification.desktop_notification.terminal_notifier': Not used on non-Darwin systems
[4.093s] INFO:colcon.colcon_core.plugin_system:Skipping extension 'colcon_notification.desktop_notification.win32': Not used on non-Windows systems
[4.093s] INFO:colcon.colcon_notification.desktop_notification:Sending desktop notification using 'notify2'
[4.108s] DEBUG:colcon.colcon_core.event_reactor:joined thread
[4.134s] INFO:colcon.colcon_core.shell:Creating prefix script '/home/ubuntu-humble/dev_po/install/local_setup.ps1'
[4.136s] INFO:colcon.colcon_core.shell:Creating prefix util module '/home/ubuntu-humble/dev_po/install/_local_setup_util_ps1.py'
[4.138s] INFO:colcon.colcon_core.shell:Creating prefix chain script '/home/ubuntu-humble/dev_po/install/setup.ps1'
[4.164s] INFO:colcon.colcon_core.shell:Creating prefix script '/home/ubuntu-humble/dev_po/install/local_setup.sh'
[4.165s] INFO:colcon.colcon_core.shell:Creating prefix util module '/home/ubuntu-humble/dev_po/install/_local_setup_util_sh.py'
[4.165s] INFO:colcon.colcon_core.shell:Creating prefix chain script '/home/ubuntu-humble/dev_po/install/setup.sh'
[4.190s] INFO:colcon.colcon_core.shell:Creating prefix script '/home/ubuntu-humble/dev_po/install/local_setup.bash'
[4.191s] INFO:colcon.colcon_core.shell:Creating prefix chain script '/home/ubuntu-humble/dev_po/install/setup.bash'
[4.215s] INFO:colcon.colcon_core.shell:Creating prefix script '/home/ubuntu-humble/dev_po/install/local_setup.zsh'
[4.216s] INFO:colcon.colcon_core.shell:Creating prefix chain script '/home/ubuntu-humble/dev_po/install/setup.zsh'
