[1.141s] Invoking command in '/home/ubuntu-humble/dev_po/build/bumperbot_py_examples': PYTHONPATH=/home/ubuntu-humble/dev_po/build/bumperbot_py_examples/prefix_override:/home/ubuntu-humble/dev_po/install/bumperbot_py_examples/lib/python3.10/site-packages:${PYTHONPATH} /usr/bin/python3 setup.py develop --editable --build-directory /home/ubuntu-humble/dev_po/build/bumperbot_py_examples/build --no-deps install_data
[1.519s] running develop
[1.520s] /usr/lib/python3/dist-packages/setuptools/command/easy_install.py:158: EasyInstallDeprecationWarning: easy_install command is deprecated. Use build and pip and other standards-based tools.
[1.520s]   warnings.warn(
[1.523s] /usr/lib/python3/dist-packages/setuptools/command/install.py:34: SetuptoolsDeprecationWarning: setup.py install is deprecated. Use build and pip and other standards-based tools.
[1.523s]   warnings.warn(
[1.771s] running egg_info
[1.773s] writing bumperbot_py_examples.egg-info/PKG-INFO
[1.774s] writing dependency_links to bumperbot_py_examples.egg-info/dependency_links.txt
[1.776s] writing entry points to bumperbot_py_examples.egg-info/entry_points.txt
[1.776s] writing requirements to bumperbot_py_examples.egg-info/requires.txt
[1.776s] writing top-level names to bumperbot_py_examples.egg-info/top_level.txt
[1.779s] reading manifest file 'bumperbot_py_examples.egg-info/SOURCES.txt'
[1.780s] writing manifest file 'bumperbot_py_examples.egg-info/SOURCES.txt'
[1.781s] running build_ext
[1.782s] Creating /home/ubuntu-humble/dev_po/install/bumperbot_py_examples/lib/python3.10/site-packages/bumperbot-py-examples.egg-link (link to .)
[1.783s] Installing simple_publisher script to /home/ubuntu-humble/dev_po/install/bumperbot_py_examples/lib/bumperbot_py_examples
[1.783s] 
[1.783s] Installed /home/ubuntu-humble/dev_po/build/bumperbot_py_examples
[1.784s] running install_data
[1.811s] Invoked command in '/home/ubuntu-humble/dev_po/build/bumperbot_py_examples' returned '0': PYTHONPATH=/home/ubuntu-humble/dev_po/build/bumperbot_py_examples/prefix_override:/home/ubuntu-humble/dev_po/install/bumperbot_py_examples/lib/python3.10/site-packages:${PYTHONPATH} /usr/bin/python3 setup.py develop --editable --build-directory /home/ubuntu-humble/dev_po/build/bumperbot_py_examples/build --no-deps install_data
