[1.204s] Invoking command in '/home/ubuntu-humble/dev_po/build/bumperbot_py_examples': PYTHONPATH=/home/ubuntu-humble/dev_po/build/bumperbot_py_examples/prefix_override:/home/ubuntu-humble/dev_po/install/bumperbot_py_examples/lib/python3.10/site-packages:${PYTHONPATH} /usr/bin/python3 setup.py develop --editable --build-directory /home/ubuntu-humble/dev_po/build/bumperbot_py_examples/build --no-deps install_data
[1.599s] running develop
[1.600s] /usr/lib/python3/dist-packages/setuptools/command/easy_install.py:158: EasyInstallDeprecationWarning: easy_install command is deprecated. Use build and pip and other standards-based tools.
[1.600s]   warnings.warn(
[1.602s] /usr/lib/python3/dist-packages/setuptools/command/install.py:34: SetuptoolsDeprecationWarning: setup.py install is deprecated. Use build and pip and other standards-based tools.
[1.602s]   warnings.warn(
[1.855s] running egg_info
[1.856s] creating bumperbot_py_examples.egg-info
[1.856s] writing bumperbot_py_examples.egg-info/PKG-INFO
[1.857s] writing dependency_links to bumperbot_py_examples.egg-info/dependency_links.txt
[1.857s] writing entry points to bumperbot_py_examples.egg-info/entry_points.txt
[1.857s] writing requirements to bumperbot_py_examples.egg-info/requires.txt
[1.858s] writing top-level names to bumperbot_py_examples.egg-info/top_level.txt
[1.858s] writing manifest file 'bumperbot_py_examples.egg-info/SOURCES.txt'
[1.862s] reading manifest file 'bumperbot_py_examples.egg-info/SOURCES.txt'
[1.863s] writing manifest file 'bumperbot_py_examples.egg-info/SOURCES.txt'
[1.865s] running build_ext
[1.866s] Creating /home/ubuntu-humble/dev_po/install/bumperbot_py_examples/lib/python3.10/site-packages/bumperbot-py-examples.egg-link (link to .)
[1.867s] Installing simple_publisher script to /home/ubuntu-humble/dev_po/install/bumperbot_py_examples/lib/bumperbot_py_examples
[1.868s] 
[1.868s] Installed /home/ubuntu-humble/dev_po/build/bumperbot_py_examples
[1.868s] running install_data
[1.868s] creating /home/ubuntu-humble/dev_po/install/bumperbot_py_examples/share/ament_index
[1.869s] creating /home/ubuntu-humble/dev_po/install/bumperbot_py_examples/share/ament_index/resource_index
[1.869s] creating /home/ubuntu-humble/dev_po/install/bumperbot_py_examples/share/ament_index/resource_index/packages
[1.869s] copying resource/bumperbot_py_examples -> /home/ubuntu-humble/dev_po/install/bumperbot_py_examples/share/ament_index/resource_index/packages
[1.869s] copying package.xml -> /home/ubuntu-humble/dev_po/install/bumperbot_py_examples/share/bumperbot_py_examples
[1.905s] Invoked command in '/home/ubuntu-humble/dev_po/build/bumperbot_py_examples' returned '0': PYTHONPATH=/home/ubuntu-humble/dev_po/build/bumperbot_py_examples/prefix_override:/home/ubuntu-humble/dev_po/install/bumperbot_py_examples/lib/python3.10/site-packages:${PYTHONPATH} /usr/bin/python3 setup.py develop --editable --build-directory /home/ubuntu-humble/dev_po/build/bumperbot_py_examples/build --no-deps install_data
